{"C:\\Users\\kevin\\OneDrive\\Documents\\Formation Développement Web\\interskills\\workshop\\developpement_backend_node_js\\projet_wacdo\\wacdo_backend\\app.js": {"path":"C:\\Users\\kevin\\OneDrive\\Documents\\Formation Développement Web\\interskills\\workshop\\developpement_backend_node_js\\projet_wacdo\\wacdo_backend\\app.js","statementMap":{"0":{"start":{"line":1,"column":16},"end":{"line":1,"column":34}},"1":{"start":{"line":2,"column":15},"end":{"line":2,"column":32}},"2":{"start":{"line":3,"column":13},"end":{"line":3,"column":28}},"3":{"start":{"line":4,"column":18},"end":{"line":4,"column":47}},"4":{"start":{"line":5,"column":15},"end":{"line":5,"column":32}},"5":{"start":{"line":6,"column":18},"end":{"line":6,"column":40}},"6":{"start":{"line":7,"column":21},"end":{"line":7,"column":41}},"7":{"start":{"line":9,"column":0},"end":{"line":9,"column":16}},"8":{"start":{"line":11,"column":13},"end":{"line":11,"column":37}},"9":{"start":{"line":12,"column":12},"end":{"line":12,"column":21}},"10":{"start":{"line":13,"column":0},"end":{"line":15,"column":1}},"11":{"start":{"line":14,"column":4},"end":{"line":14,"column":16}},"12":{"start":{"line":17,"column":0},"end":{"line":21,"column":2}},"13":{"start":{"line":22,"column":0},"end":{"line":22,"column":16}},"14":{"start":{"line":23,"column":0},"end":{"line":28,"column":2}},"15":{"start":{"line":29,"column":0},"end":{"line":29,"column":24}},"16":{"start":{"line":31,"column":0},"end":{"line":31,"column":47}},"17":{"start":{"line":33,"column":0},"end":{"line":38,"column":3}},"18":{"start":{"line":34,"column":4},"end":{"line":37,"column":7}},"19":{"start":{"line":40,"column":0},"end":{"line":40,"column":58}},"20":{"start":{"line":41,"column":0},"end":{"line":41,"column":64}},"21":{"start":{"line":42,"column":0},"end":{"line":42,"column":58}},"22":{"start":{"line":43,"column":0},"end":{"line":43,"column":60}},"23":{"start":{"line":45,"column":0},"end":{"line":45,"column":18}},"24":{"start":{"line":47,"column":0},"end":{"line":47,"column":21}}},"fnMap":{"0":{"name":"(anonymous_0)","decl":{"start":{"line":33,"column":13},"end":{"line":33,"column":14}},"loc":{"start":{"line":33,"column":27},"end":{"line":38,"column":1}},"line":33}},"branchMap":{"0":{"loc":{"start":{"line":11,"column":13},"end":{"line":11,"column":37}},"type":"binary-expr","locations":[{"start":{"line":11,"column":13},"end":{"line":11,"column":29}},{"start":{"line":11,"column":33},"end":{"line":11,"column":37}}],"line":11},"1":{"loc":{"start":{"line":13,"column":0},"end":{"line":15,"column":1}},"type":"if","locations":[{"start":{"line":13,"column":0},"end":{"line":15,"column":1}},{"start":{},"end":{}}],"line":13}},"s":{"0":5,"1":5,"2":5,"3":5,"4":5,"5":5,"6":5,"7":5,"8":5,"9":5,"10":5,"11":0,"12":5,"13":5,"14":5,"15":5,"16":5,"17":5,"18":0,"19":5,"20":5,"21":5,"22":5,"23":5,"24":5},"f":{"0":0},"b":{"0":[5,5],"1":[0,5]},"_coverageSchema":"1a1c01bbd47fc00a2c39e90264f33305004495a9","hash":"691c2be055e966b27fa8e4a2cf973f1db6187e1c"}
,"C:\\Users\\kevin\\OneDrive\\Documents\\Formation Développement Web\\interskills\\workshop\\developpement_backend_node_js\\projet_wacdo\\wacdo_backend\\swagger.js": {"path":"C:\\Users\\kevin\\OneDrive\\Documents\\Formation Développement Web\\interskills\\workshop\\developpement_backend_node_js\\projet_wacdo\\wacdo_backend\\swagger.js","statementMap":{"0":{"start":{"line":1,"column":21},"end":{"line":1,"column":45}},"1":{"start":{"line":2,"column":13},"end":{"line":2,"column":28}},"2":{"start":{"line":4,"column":16},"end":{"line":16,"column":1}},"3":{"start":{"line":18,"column":20},"end":{"line":18,"column":41}},"4":{"start":{"line":20,"column":21},"end":{"line":55,"column":1}},"5":{"start":{"line":21,"column":4},"end":{"line":23,"column":7}},"6":{"start":{"line":22,"column":8},"end":{"line":22,"column":42}},"7":{"start":{"line":25,"column":4},"end":{"line":54,"column":7}},"8":{"start":{"line":26,"column":8},"end":{"line":53,"column":11}},"9":{"start":{"line":57,"column":0},"end":{"line":57,"column":30}}},"fnMap":{"0":{"name":"(anonymous_0)","decl":{"start":{"line":20,"column":21},"end":{"line":20,"column":22}},"loc":{"start":{"line":20,"column":30},"end":{"line":55,"column":1}},"line":20},"1":{"name":"(anonymous_1)","decl":{"start":{"line":21,"column":30},"end":{"line":21,"column":31}},"loc":{"start":{"line":21,"column":44},"end":{"line":23,"column":5}},"line":21},"2":{"name":"(anonymous_2)","decl":{"start":{"line":25,"column":41},"end":{"line":25,"column":42}},"loc":{"start":{"line":25,"column":55},"end":{"line":54,"column":5}},"line":25}},"branchMap":{},"s":{"0":5,"1":5,"2":5,"3":5,"4":5,"5":5,"6":0,"7":5,"8":0,"9":5},"f":{"0":5,"1":0,"2":0},"b":{},"_coverageSchema":"1a1c01bbd47fc00a2c39e90264f33305004495a9","hash":"55b986eeb4e170c946e6eb853aea14ec8f4d0fc6"}
,"C:\\Users\\kevin\\OneDrive\\Documents\\Formation Développement Web\\interskills\\workshop\\developpement_backend_node_js\\projet_wacdo\\wacdo_backend\\config\\db.js": {"path":"C:\\Users\\kevin\\OneDrive\\Documents\\Formation Développement Web\\interskills\\workshop\\developpement_backend_node_js\\projet_wacdo\\wacdo_backend\\config\\db.js","statementMap":{"0":{"start":{"line":1,"column":17},"end":{"line":1,"column":36}},"1":{"start":{"line":2,"column":15},"end":{"line":2,"column":32}},"2":{"start":{"line":4,"column":0},"end":{"line":4,"column":16}},"3":{"start":{"line":6,"column":18},"end":{"line":16,"column":1}},"4":{"start":{"line":7,"column":4},"end":{"line":15,"column":5}},"5":{"start":{"line":8,"column":8},"end":{"line":10,"column":10}},"6":{"start":{"line":11,"column":8},"end":{"line":11,"column":41}},"7":{"start":{"line":13,"column":8},"end":{"line":13,"column":70}},"8":{"start":{"line":14,"column":8},"end":{"line":14,"column":20}},"9":{"start":{"line":18,"column":0},"end":{"line":18,"column":27}}},"fnMap":{"0":{"name":"(anonymous_0)","decl":{"start":{"line":6,"column":18},"end":{"line":6,"column":19}},"loc":{"start":{"line":6,"column":30},"end":{"line":16,"column":1}},"line":6}},"branchMap":{},"s":{"0":5,"1":5,"2":5,"3":5,"4":0,"5":0,"6":0,"7":0,"8":0,"9":5},"f":{"0":0},"b":{},"_coverageSchema":"1a1c01bbd47fc00a2c39e90264f33305004495a9","hash":"c0406b9b78729dafd170f9c927de2a272baf9366"}
,"C:\\Users\\kevin\\OneDrive\\Documents\\Formation Développement Web\\interskills\\workshop\\developpement_backend_node_js\\projet_wacdo\\wacdo_backend\\controllers\\menus.controller.js": {"path":"C:\\Users\\kevin\\OneDrive\\Documents\\Formation Développement Web\\interskills\\workshop\\developpement_backend_node_js\\projet_wacdo\\wacdo_backend\\controllers\\menus.controller.js","statementMap":{"0":{"start":{"line":1,"column":13},"end":{"line":1,"column":44}},"1":{"start":{"line":2,"column":16},"end":{"line":2,"column":50}},"2":{"start":{"line":3,"column":17},"end":{"line":3,"column":36}},"3":{"start":{"line":4,"column":11},"end":{"line":4,"column":24}},"4":{"start":{"line":5,"column":13},"end":{"line":5,"column":28}},"5":{"start":{"line":7,"column":0},"end":{"line":16,"column":2}},"6":{"start":{"line":8,"column":4},"end":{"line":15,"column":5}},"7":{"start":{"line":9,"column":22},"end":{"line":9,"column":117}},"8":{"start":{"line":10,"column":8},"end":{"line":10,"column":36}},"9":{"start":{"line":12,"column":8},"end":{"line":14,"column":11}},"10":{"start":{"line":18,"column":0},"end":{"line":32,"column":2}},"11":{"start":{"line":19,"column":4},"end":{"line":31,"column":5}},"12":{"start":{"line":20,"column":19},"end":{"line":20,"column":32}},"13":{"start":{"line":21,"column":8},"end":{"line":21,"column":104}},"14":{"start":{"line":21,"column":50},"end":{"line":21,"column":104}},"15":{"start":{"line":23,"column":21},"end":{"line":23,"column":98}},"16":{"start":{"line":24,"column":8},"end":{"line":24,"column":78}},"17":{"start":{"line":24,"column":19},"end":{"line":24,"column":78}},"18":{"start":{"line":26,"column":8},"end":{"line":26,"column":35}},"19":{"start":{"line":28,"column":8},"end":{"line":30,"column":11}},"20":{"start":{"line":34,"column":0},"end":{"line":65,"column":2}},"21":{"start":{"line":35,"column":4},"end":{"line":64,"column":5}},"22":{"start":{"line":36,"column":69},"end":{"line":36,"column":77}},"23":{"start":{"line":37,"column":22},"end":{"line":37,"column":62}},"24":{"start":{"line":38,"column":8},"end":{"line":39,"column":97}},"25":{"start":{"line":39,"column":12},"end":{"line":39,"column":97}},"26":{"start":{"line":41,"column":29},"end":{"line":41,"column":57}},"27":{"start":{"line":42,"column":8},"end":{"line":42,"column":87}},"28":{"start":{"line":42,"column":26},"end":{"line":42,"column":87}},"29":{"start":{"line":44,"column":8},"end":{"line":49,"column":9}},"30":{"start":{"line":45,"column":12},"end":{"line":45,"column":108}},"31":{"start":{"line":45,"column":54},"end":{"line":45,"column":108}},"32":{"start":{"line":47,"column":36},"end":{"line":47,"column":62}},"33":{"start":{"line":48,"column":12},"end":{"line":48,"column":96}},"34":{"start":{"line":48,"column":34},"end":{"line":48,"column":96}},"35":{"start":{"line":51,"column":21},"end":{"line":58,"column":10}},"36":{"start":{"line":60,"column":24},"end":{"line":60,"column":41}},"37":{"start":{"line":61,"column":8},"end":{"line":61,"column":38}},"38":{"start":{"line":63,"column":8},"end":{"line":63,"column":78}},"39":{"start":{"line":67,"column":0},"end":{"line":122,"column":2}},"40":{"start":{"line":68,"column":4},"end":{"line":121,"column":5}},"41":{"start":{"line":69,"column":23},"end":{"line":69,"column":33}},"42":{"start":{"line":70,"column":8},"end":{"line":70,"column":104}},"43":{"start":{"line":70,"column":50},"end":{"line":70,"column":104}},"44":{"start":{"line":72,"column":69},"end":{"line":72,"column":77}},"45":{"start":{"line":73,"column":22},"end":{"line":73,"column":62}},"46":{"start":{"line":75,"column":21},"end":{"line":75,"column":44}},"47":{"start":{"line":76,"column":8},"end":{"line":76,"column":78}},"48":{"start":{"line":76,"column":19},"end":{"line":76,"column":78}},"49":{"start":{"line":78,"column":8},"end":{"line":84,"column":9}},"50":{"start":{"line":79,"column":33},"end":{"line":79,"column":61}},"51":{"start":{"line":80,"column":12},"end":{"line":81,"column":77}},"52":{"start":{"line":81,"column":16},"end":{"line":81,"column":77}},"53":{"start":{"line":83,"column":12},"end":{"line":83,"column":29}},"54":{"start":{"line":85,"column":8},"end":{"line":85,"column":70}},"55":{"start":{"line":85,"column":39},"end":{"line":85,"column":70}},"56":{"start":{"line":86,"column":8},"end":{"line":100,"column":9}},"57":{"start":{"line":87,"column":12},"end":{"line":91,"column":13}},"58":{"start":{"line":88,"column":16},"end":{"line":90,"column":19}},"59":{"start":{"line":92,"column":12},"end":{"line":97,"column":13}},"60":{"start":{"line":93,"column":16},"end":{"line":93,"column":112}},"61":{"start":{"line":93,"column":58},"end":{"line":93,"column":112}},"62":{"start":{"line":95,"column":40},"end":{"line":95,"column":66}},"63":{"start":{"line":96,"column":16},"end":{"line":96,"column":100}},"64":{"start":{"line":96,"column":38},"end":{"line":96,"column":100}},"65":{"start":{"line":99,"column":12},"end":{"line":99,"column":37}},"66":{"start":{"line":102,"column":8},"end":{"line":113,"column":9}},"67":{"start":{"line":104,"column":12},"end":{"line":110,"column":13}},"68":{"start":{"line":105,"column":37},"end":{"line":105,"column":83}},"69":{"start":{"line":107,"column":16},"end":{"line":109,"column":17}},"70":{"start":{"line":108,"column":20},"end":{"line":108,"column":48}},"71":{"start":{"line":112,"column":12},"end":{"line":112,"column":31}},"72":{"start":{"line":114,"column":8},"end":{"line":114,"column":73}},"73":{"start":{"line":114,"column":40},"end":{"line":114,"column":73}},"74":{"start":{"line":115,"column":8},"end":{"line":115,"column":52}},"75":{"start":{"line":115,"column":33},"end":{"line":115,"column":52}},"76":{"start":{"line":117,"column":28},"end":{"line":117,"column":45}},"77":{"start":{"line":118,"column":8},"end":{"line":118,"column":42}},"78":{"start":{"line":120,"column":8},"end":{"line":120,"column":82}},"79":{"start":{"line":124,"column":0},"end":{"line":146,"column":2}},"80":{"start":{"line":125,"column":4},"end":{"line":145,"column":5}},"81":{"start":{"line":126,"column":23},"end":{"line":126,"column":33}},"82":{"start":{"line":127,"column":8},"end":{"line":127,"column":104}},"83":{"start":{"line":127,"column":50},"end":{"line":127,"column":104}},"84":{"start":{"line":129,"column":21},"end":{"line":129,"column":44}},"85":{"start":{"line":130,"column":8},"end":{"line":130,"column":78}},"86":{"start":{"line":130,"column":19},"end":{"line":130,"column":78}},"87":{"start":{"line":133,"column":8},"end":{"line":139,"column":9}},"88":{"start":{"line":134,"column":30},"end":{"line":134,"column":76}},"89":{"start":{"line":136,"column":12},"end":{"line":138,"column":13}},"90":{"start":{"line":137,"column":16},"end":{"line":137,"column":41}},"91":{"start":{"line":141,"column":8},"end":{"line":141,"column":31}},"92":{"start":{"line":142,"column":8},"end":{"line":142,"column":71}},"93":{"start":{"line":144,"column":8},"end":{"line":144,"column":81}}},"fnMap":{"0":{"name":"(anonymous_0)","decl":{"start":{"line":7,"column":19},"end":{"line":7,"column":20}},"loc":{"start":{"line":7,"column":39},"end":{"line":16,"column":1}},"line":7},"1":{"name":"(anonymous_1)","decl":{"start":{"line":18,"column":18},"end":{"line":18,"column":19}},"loc":{"start":{"line":18,"column":38},"end":{"line":32,"column":1}},"line":18},"2":{"name":"(anonymous_2)","decl":{"start":{"line":34,"column":21},"end":{"line":34,"column":22}},"loc":{"start":{"line":34,"column":41},"end":{"line":65,"column":1}},"line":34},"3":{"name":"(anonymous_3)","decl":{"start":{"line":67,"column":21},"end":{"line":67,"column":22}},"loc":{"start":{"line":67,"column":41},"end":{"line":122,"column":1}},"line":67},"4":{"name":"(anonymous_4)","decl":{"start":{"line":124,"column":21},"end":{"line":124,"column":22}},"loc":{"start":{"line":124,"column":41},"end":{"line":146,"column":1}},"line":124}},"branchMap":{"0":{"loc":{"start":{"line":21,"column":8},"end":{"line":21,"column":104}},"type":"if","locations":[{"start":{"line":21,"column":8},"end":{"line":21,"column":104}},{"start":{},"end":{}}],"line":21},"1":{"loc":{"start":{"line":24,"column":8},"end":{"line":24,"column":78}},"type":"if","locations":[{"start":{"line":24,"column":8},"end":{"line":24,"column":78}},{"start":{},"end":{}}],"line":24},"2":{"loc":{"start":{"line":37,"column":22},"end":{"line":37,"column":62}},"type":"cond-expr","locations":[{"start":{"line":37,"column":33},"end":{"line":37,"column":50}},{"start":{"line":37,"column":53},"end":{"line":37,"column":62}}],"line":37},"3":{"loc":{"start":{"line":38,"column":8},"end":{"line":39,"column":97}},"type":"if","locations":[{"start":{"line":38,"column":8},"end":{"line":39,"column":97}},{"start":{},"end":{}}],"line":38},"4":{"loc":{"start":{"line":38,"column":12},"end":{"line":38,"column":93}},"type":"binary-expr","locations":[{"start":{"line":38,"column":12},"end":{"line":38,"column":17}},{"start":{"line":38,"column":21},"end":{"line":38,"column":45}},{"start":{"line":38,"column":49},"end":{"line":38,"column":70}},{"start":{"line":38,"column":74},"end":{"line":38,"column":93}}],"line":38},"5":{"loc":{"start":{"line":42,"column":8},"end":{"line":42,"column":87}},"type":"if","locations":[{"start":{"line":42,"column":8},"end":{"line":42,"column":87}},{"start":{},"end":{}}],"line":42},"6":{"loc":{"start":{"line":45,"column":12},"end":{"line":45,"column":108}},"type":"if","locations":[{"start":{"line":45,"column":12},"end":{"line":45,"column":108}},{"start":{},"end":{}}],"line":45},"7":{"loc":{"start":{"line":48,"column":12},"end":{"line":48,"column":96}},"type":"if","locations":[{"start":{"line":48,"column":12},"end":{"line":48,"column":96}},{"start":{},"end":{}}],"line":48},"8":{"loc":{"start":{"line":70,"column":8},"end":{"line":70,"column":104}},"type":"if","locations":[{"start":{"line":70,"column":8},"end":{"line":70,"column":104}},{"start":{},"end":{}}],"line":70},"9":{"loc":{"start":{"line":73,"column":22},"end":{"line":73,"column":62}},"type":"cond-expr","locations":[{"start":{"line":73,"column":33},"end":{"line":73,"column":50}},{"start":{"line":73,"column":53},"end":{"line":73,"column":62}}],"line":73},"10":{"loc":{"start":{"line":76,"column":8},"end":{"line":76,"column":78}},"type":"if","locations":[{"start":{"line":76,"column":8},"end":{"line":76,"column":78}},{"start":{},"end":{}}],"line":76},"11":{"loc":{"start":{"line":78,"column":8},"end":{"line":84,"column":9}},"type":"if","locations":[{"start":{"line":78,"column":8},"end":{"line":84,"column":9}},{"start":{},"end":{}}],"line":78},"12":{"loc":{"start":{"line":80,"column":12},"end":{"line":81,"column":77}},"type":"if","locations":[{"start":{"line":80,"column":12},"end":{"line":81,"column":77}},{"start":{},"end":{}}],"line":80},"13":{"loc":{"start":{"line":80,"column":16},"end":{"line":80,"column":66}},"type":"binary-expr","locations":[{"start":{"line":80,"column":16},"end":{"line":80,"column":28}},{"start":{"line":80,"column":32},"end":{"line":80,"column":66}}],"line":80},"14":{"loc":{"start":{"line":85,"column":8},"end":{"line":85,"column":70}},"type":"if","locations":[{"start":{"line":85,"column":8},"end":{"line":85,"column":70}},{"start":{},"end":{}}],"line":85},"15":{"loc":{"start":{"line":86,"column":8},"end":{"line":100,"column":9}},"type":"if","locations":[{"start":{"line":86,"column":8},"end":{"line":100,"column":9}},{"start":{},"end":{}}],"line":86},"16":{"loc":{"start":{"line":87,"column":12},"end":{"line":91,"column":13}},"type":"if","locations":[{"start":{"line":87,"column":12},"end":{"line":91,"column":13}},{"start":{},"end":{}}],"line":87},"17":{"loc":{"start":{"line":87,"column":16},"end":{"line":87,"column":65}},"type":"binary-expr","locations":[{"start":{"line":87,"column":16},"end":{"line":87,"column":40}},{"start":{"line":87,"column":44},"end":{"line":87,"column":65}}],"line":87},"18":{"loc":{"start":{"line":93,"column":16},"end":{"line":93,"column":112}},"type":"if","locations":[{"start":{"line":93,"column":16},"end":{"line":93,"column":112}},{"start":{},"end":{}}],"line":93},"19":{"loc":{"start":{"line":96,"column":16},"end":{"line":96,"column":100}},"type":"if","locations":[{"start":{"line":96,"column":16},"end":{"line":96,"column":100}},{"start":{},"end":{}}],"line":96},"20":{"loc":{"start":{"line":102,"column":8},"end":{"line":113,"column":9}},"type":"if","locations":[{"start":{"line":102,"column":8},"end":{"line":113,"column":9}},{"start":{},"end":{}}],"line":102},"21":{"loc":{"start":{"line":104,"column":12},"end":{"line":110,"column":13}},"type":"if","locations":[{"start":{"line":104,"column":12},"end":{"line":110,"column":13}},{"start":{},"end":{}}],"line":104},"22":{"loc":{"start":{"line":107,"column":16},"end":{"line":109,"column":17}},"type":"if","locations":[{"start":{"line":107,"column":16},"end":{"line":109,"column":17}},{"start":{},"end":{}}],"line":107},"23":{"loc":{"start":{"line":114,"column":8},"end":{"line":114,"column":73}},"type":"if","locations":[{"start":{"line":114,"column":8},"end":{"line":114,"column":73}},{"start":{},"end":{}}],"line":114},"24":{"loc":{"start":{"line":115,"column":8},"end":{"line":115,"column":52}},"type":"if","locations":[{"start":{"line":115,"column":8},"end":{"line":115,"column":52}},{"start":{},"end":{}}],"line":115},"25":{"loc":{"start":{"line":127,"column":8},"end":{"line":127,"column":104}},"type":"if","locations":[{"start":{"line":127,"column":8},"end":{"line":127,"column":104}},{"start":{},"end":{}}],"line":127},"26":{"loc":{"start":{"line":130,"column":8},"end":{"line":130,"column":78}},"type":"if","locations":[{"start":{"line":130,"column":8},"end":{"line":130,"column":78}},{"start":{},"end":{}}],"line":130},"27":{"loc":{"start":{"line":133,"column":8},"end":{"line":139,"column":9}},"type":"if","locations":[{"start":{"line":133,"column":8},"end":{"line":139,"column":9}},{"start":{},"end":{}}],"line":133},"28":{"loc":{"start":{"line":136,"column":12},"end":{"line":138,"column":13}},"type":"if","locations":[{"start":{"line":136,"column":12},"end":{"line":138,"column":13}},{"start":{},"end":{}}],"line":136}},"s":{"0":5,"1":5,"2":5,"3":5,"4":5,"5":5,"6":1,"7":1,"8":1,"9":0,"10":5,"11":1,"12":1,"13":1,"14":0,"15":1,"16":1,"17":0,"18":1,"19":0,"20":5,"21":3,"22":3,"23":3,"24":3,"25":1,"26":2,"27":2,"28":0,"29":2,"30":2,"31":0,"32":2,"33":2,"34":1,"35":1,"36":1,"37":1,"38":0,"39":5,"40":1,"41":1,"42":1,"43":0,"44":1,"45":1,"46":1,"47":1,"48":0,"49":1,"50":1,"51":1,"52":0,"53":1,"54":1,"55":0,"56":1,"57":0,"58":0,"59":0,"60":0,"61":0,"62":0,"63":0,"64":0,"65":0,"66":1,"67":0,"68":0,"69":0,"70":0,"71":0,"72":1,"73":0,"74":1,"75":1,"76":1,"77":1,"78":0,"79":5,"80":1,"81":1,"82":1,"83":0,"84":1,"85":1,"86":0,"87":1,"88":0,"89":0,"90":0,"91":1,"92":1,"93":0},"f":{"0":1,"1":1,"2":3,"3":1,"4":1},"b":{"0":[0,1],"1":[0,1],"2":[0,3],"3":[1,2],"4":[3,3,2,2],"5":[0,2],"6":[0,2],"7":[1,1],"8":[0,1],"9":[0,1],"10":[0,1],"11":[1,0],"12":[0,1],"13":[1,0],"14":[0,1],"15":[0,1],"16":[0,0],"17":[0,0],"18":[0,0],"19":[0,0],"20":[0,1],"21":[0,0],"22":[0,0],"23":[0,1],"24":[1,0],"25":[0,1],"26":[0,1],"27":[0,1],"28":[0,0]},"_coverageSchema":"1a1c01bbd47fc00a2c39e90264f33305004495a9","hash":"0e2225511fdb1582924fcc3f103b97d5826e37b7"}
,"C:\\Users\\kevin\\OneDrive\\Documents\\Formation Développement Web\\interskills\\workshop\\developpement_backend_node_js\\projet_wacdo\\wacdo_backend\\controllers\\orders.controller.js": {"path":"C:\\Users\\kevin\\OneDrive\\Documents\\Formation Développement Web\\interskills\\workshop\\developpement_backend_node_js\\projet_wacdo\\wacdo_backend\\controllers\\orders.controller.js","statementMap":{"0":{"start":{"line":1,"column":14},"end":{"line":1,"column":46}},"1":{"start":{"line":2,"column":16},"end":{"line":2,"column":50}},"2":{"start":{"line":3,"column":13},"end":{"line":3,"column":44}},"3":{"start":{"line":4,"column":13},"end":{"line":4,"column":44}},"4":{"start":{"line":5,"column":17},"end":{"line":5,"column":36}},"5":{"start":{"line":7,"column":28},"end":{"line":12,"column":1}},"6":{"start":{"line":8,"column":17},"end":{"line":8,"column":72}},"7":{"start":{"line":9,"column":19},"end":{"line":9,"column":58}},"8":{"start":{"line":11,"column":4},"end":{"line":11,"column":35}},"9":{"start":{"line":14,"column":0},"end":{"line":40,"column":2}},"10":{"start":{"line":15,"column":21},"end":{"line":15,"column":23}},"11":{"start":{"line":17,"column":4},"end":{"line":21,"column":5}},"12":{"start":{"line":18,"column":8},"end":{"line":20,"column":10}},"13":{"start":{"line":22,"column":4},"end":{"line":26,"column":5}},"14":{"start":{"line":23,"column":8},"end":{"line":25,"column":10}},"15":{"start":{"line":27,"column":4},"end":{"line":39,"column":5}},"16":{"start":{"line":28,"column":23},"end":{"line":32,"column":38}},"17":{"start":{"line":34,"column":8},"end":{"line":34,"column":37}},"18":{"start":{"line":36,"column":8},"end":{"line":38,"column":11}},"19":{"start":{"line":42,"column":0},"end":{"line":70,"column":2}},"20":{"start":{"line":43,"column":4},"end":{"line":69,"column":5}},"21":{"start":{"line":44,"column":19},"end":{"line":44,"column":32}},"22":{"start":{"line":45,"column":8},"end":{"line":45,"column":104}},"23":{"start":{"line":45,"column":50},"end":{"line":45,"column":104}},"24":{"start":{"line":47,"column":22},"end":{"line":50,"column":68}},"25":{"start":{"line":52,"column":8},"end":{"line":52,"column":83}},"26":{"start":{"line":52,"column":20},"end":{"line":52,"column":83}},"27":{"start":{"line":54,"column":8},"end":{"line":59,"column":69}},"28":{"start":{"line":59,"column":12},"end":{"line":59,"column":69}},"29":{"start":{"line":61,"column":8},"end":{"line":62,"column":69}},"30":{"start":{"line":62,"column":12},"end":{"line":62,"column":69}},"31":{"start":{"line":64,"column":8},"end":{"line":64,"column":36}},"32":{"start":{"line":66,"column":8},"end":{"line":68,"column":11}},"33":{"start":{"line":72,"column":0},"end":{"line":156,"column":2}},"34":{"start":{"line":73,"column":21},"end":{"line":73,"column":22}},"35":{"start":{"line":75,"column":4},"end":{"line":155,"column":5}},"36":{"start":{"line":76,"column":56},"end":{"line":76,"column":64}},"37":{"start":{"line":78,"column":8},"end":{"line":88,"column":9}},"38":{"start":{"line":85,"column":12},"end":{"line":87,"column":15}},"39":{"start":{"line":90,"column":8},"end":{"line":92,"column":9}},"40":{"start":{"line":91,"column":12},"end":{"line":91,"column":78}},"41":{"start":{"line":94,"column":29},"end":{"line":94,"column":54}},"42":{"start":{"line":95,"column":8},"end":{"line":97,"column":9}},"43":{"start":{"line":96,"column":12},"end":{"line":96,"column":78}},"44":{"start":{"line":99,"column":8},"end":{"line":117,"column":9}},"45":{"start":{"line":100,"column":12},"end":{"line":102,"column":13}},"46":{"start":{"line":101,"column":16},"end":{"line":101,"column":78}},"47":{"start":{"line":104,"column":36},"end":{"line":104,"column":72}},"48":{"start":{"line":105,"column":12},"end":{"line":107,"column":13}},"49":{"start":{"line":106,"column":16},"end":{"line":106,"column":78}},"50":{"start":{"line":109,"column":29},"end":{"line":109,"column":47}},"51":{"start":{"line":110,"column":12},"end":{"line":112,"column":13}},"52":{"start":{"line":111,"column":16},"end":{"line":111,"column":96}},"53":{"start":{"line":114,"column":12},"end":{"line":114,"column":59}},"54":{"start":{"line":115,"column":12},"end":{"line":115,"column":37}},"55":{"start":{"line":116,"column":12},"end":{"line":116,"column":51}},"56":{"start":{"line":119,"column":8},"end":{"line":137,"column":9}},"57":{"start":{"line":120,"column":12},"end":{"line":122,"column":13}},"58":{"start":{"line":121,"column":16},"end":{"line":121,"column":75}},"59":{"start":{"line":124,"column":33},"end":{"line":124,"column":63}},"60":{"start":{"line":125,"column":12},"end":{"line":127,"column":13}},"61":{"start":{"line":126,"column":16},"end":{"line":126,"column":75}},"62":{"start":{"line":129,"column":29},"end":{"line":129,"column":47}},"63":{"start":{"line":130,"column":12},"end":{"line":132,"column":13}},"64":{"start":{"line":131,"column":16},"end":{"line":131,"column":96}},"65":{"start":{"line":134,"column":12},"end":{"line":134,"column":56}},"66":{"start":{"line":135,"column":12},"end":{"line":135,"column":37}},"67":{"start":{"line":136,"column":12},"end":{"line":136,"column":48}},"68":{"start":{"line":139,"column":22},"end":{"line":146,"column":10}},"69":{"start":{"line":148,"column":25},"end":{"line":148,"column":43}},"70":{"start":{"line":150,"column":8},"end":{"line":150,"column":39}},"71":{"start":{"line":152,"column":8},"end":{"line":154,"column":11}},"72":{"start":{"line":158,"column":0},"end":{"line":192,"column":2}},"73":{"start":{"line":159,"column":4},"end":{"line":191,"column":5}},"74":{"start":{"line":160,"column":23},"end":{"line":160,"column":33}},"75":{"start":{"line":161,"column":8},"end":{"line":161,"column":104}},"76":{"start":{"line":161,"column":50},"end":{"line":161,"column":104}},"77":{"start":{"line":163,"column":41},"end":{"line":163,"column":49}},"78":{"start":{"line":165,"column":22},"end":{"line":165,"column":46}},"79":{"start":{"line":166,"column":8},"end":{"line":166,"column":83}},"80":{"start":{"line":166,"column":20},"end":{"line":166,"column":83}},"81":{"start":{"line":168,"column":8},"end":{"line":175,"column":9}},"82":{"start":{"line":169,"column":12},"end":{"line":170,"column":86}},"83":{"start":{"line":170,"column":16},"end":{"line":170,"column":86}},"84":{"start":{"line":171,"column":12},"end":{"line":172,"column":86}},"85":{"start":{"line":172,"column":16},"end":{"line":172,"column":86}},"86":{"start":{"line":174,"column":12},"end":{"line":174,"column":34}},"87":{"start":{"line":177,"column":8},"end":{"line":185,"column":9}},"88":{"start":{"line":178,"column":12},"end":{"line":182,"column":13}},"89":{"start":{"line":179,"column":16},"end":{"line":181,"column":19}},"90":{"start":{"line":184,"column":12},"end":{"line":184,"column":46}},"91":{"start":{"line":187,"column":29},"end":{"line":187,"column":47}},"92":{"start":{"line":188,"column":8},"end":{"line":188,"column":43}},"93":{"start":{"line":190,"column":8},"end":{"line":190,"column":89}},"94":{"start":{"line":194,"column":0},"end":{"line":207,"column":2}},"95":{"start":{"line":195,"column":4},"end":{"line":206,"column":5}},"96":{"start":{"line":196,"column":23},"end":{"line":196,"column":33}},"97":{"start":{"line":197,"column":8},"end":{"line":197,"column":104}},"98":{"start":{"line":197,"column":50},"end":{"line":197,"column":104}},"99":{"start":{"line":199,"column":22},"end":{"line":199,"column":46}},"100":{"start":{"line":200,"column":8},"end":{"line":200,"column":83}},"101":{"start":{"line":200,"column":20},"end":{"line":200,"column":83}},"102":{"start":{"line":202,"column":8},"end":{"line":202,"column":32}},"103":{"start":{"line":203,"column":8},"end":{"line":203,"column":76}},"104":{"start":{"line":205,"column":8},"end":{"line":205,"column":88}}},"fnMap":{"0":{"name":"(anonymous_0)","decl":{"start":{"line":7,"column":28},"end":{"line":7,"column":29}},"loc":{"start":{"line":7,"column":34},"end":{"line":12,"column":1}},"line":7},"1":{"name":"(anonymous_1)","decl":{"start":{"line":14,"column":20},"end":{"line":14,"column":21}},"loc":{"start":{"line":14,"column":40},"end":{"line":40,"column":1}},"line":14},"2":{"name":"(anonymous_2)","decl":{"start":{"line":42,"column":19},"end":{"line":42,"column":20}},"loc":{"start":{"line":42,"column":39},"end":{"line":70,"column":1}},"line":42},"3":{"name":"(anonymous_3)","decl":{"start":{"line":72,"column":22},"end":{"line":72,"column":23}},"loc":{"start":{"line":72,"column":42},"end":{"line":156,"column":1}},"line":72},"4":{"name":"(anonymous_4)","decl":{"start":{"line":158,"column":22},"end":{"line":158,"column":23}},"loc":{"start":{"line":158,"column":42},"end":{"line":192,"column":1}},"line":158},"5":{"name":"(anonymous_5)","decl":{"start":{"line":194,"column":22},"end":{"line":194,"column":23}},"loc":{"start":{"line":194,"column":42},"end":{"line":207,"column":1}},"line":194}},"branchMap":{"0":{"loc":{"start":{"line":17,"column":4},"end":{"line":21,"column":5}},"type":"if","locations":[{"start":{"line":17,"column":4},"end":{"line":21,"column":5}},{"start":{},"end":{}}],"line":17},"1":{"loc":{"start":{"line":22,"column":4},"end":{"line":26,"column":5}},"type":"if","locations":[{"start":{"line":22,"column":4},"end":{"line":26,"column":5}},{"start":{},"end":{}}],"line":22},"2":{"loc":{"start":{"line":45,"column":8},"end":{"line":45,"column":104}},"type":"if","locations":[{"start":{"line":45,"column":8},"end":{"line":45,"column":104}},{"start":{},"end":{}}],"line":45},"3":{"loc":{"start":{"line":52,"column":8},"end":{"line":52,"column":83}},"type":"if","locations":[{"start":{"line":52,"column":8},"end":{"line":52,"column":83}},{"start":{},"end":{}}],"line":52},"4":{"loc":{"start":{"line":54,"column":8},"end":{"line":59,"column":69}},"type":"if","locations":[{"start":{"line":54,"column":8},"end":{"line":59,"column":69}},{"start":{},"end":{}}],"line":54},"5":{"loc":{"start":{"line":55,"column":12},"end":{"line":57,"column":45}},"type":"binary-expr","locations":[{"start":{"line":55,"column":12},"end":{"line":55,"column":44}},{"start":{"line":56,"column":12},"end":{"line":56,"column":51}},{"start":{"line":57,"column":12},"end":{"line":57,"column":45}}],"line":55},"6":{"loc":{"start":{"line":61,"column":8},"end":{"line":62,"column":69}},"type":"if","locations":[{"start":{"line":61,"column":8},"end":{"line":62,"column":69}},{"start":{},"end":{}}],"line":61},"7":{"loc":{"start":{"line":61,"column":12},"end":{"line":61,"column":72}},"type":"binary-expr","locations":[{"start":{"line":61,"column":12},"end":{"line":61,"column":41}},{"start":{"line":61,"column":45},"end":{"line":61,"column":72}}],"line":61},"8":{"loc":{"start":{"line":78,"column":8},"end":{"line":88,"column":9}},"type":"if","locations":[{"start":{"line":78,"column":8},"end":{"line":88,"column":9}},{"start":{},"end":{}}],"line":78},"9":{"loc":{"start":{"line":79,"column":12},"end":{"line":83,"column":25}},"type":"binary-expr","locations":[{"start":{"line":79,"column":12},"end":{"line":79,"column":36}},{"start":{"line":80,"column":12},"end":{"line":80,"column":33}},{"start":{"line":81,"column":13},"end":{"line":81,"column":34}},{"start":{"line":81,"column":38},"end":{"line":81,"column":56}},{"start":{"line":82,"column":12},"end":{"line":82,"column":17}},{"start":{"line":83,"column":12},"end":{"line":83,"column":25}}],"line":79},"10":{"loc":{"start":{"line":90,"column":8},"end":{"line":92,"column":9}},"type":"if","locations":[{"start":{"line":90,"column":8},"end":{"line":92,"column":9}},{"start":{},"end":{}}],"line":90},"11":{"loc":{"start":{"line":95,"column":8},"end":{"line":97,"column":9}},"type":"if","locations":[{"start":{"line":95,"column":8},"end":{"line":97,"column":9}},{"start":{},"end":{}}],"line":95},"12":{"loc":{"start":{"line":100,"column":12},"end":{"line":102,"column":13}},"type":"if","locations":[{"start":{"line":100,"column":12},"end":{"line":102,"column":13}},{"start":{},"end":{}}],"line":100},"13":{"loc":{"start":{"line":105,"column":12},"end":{"line":107,"column":13}},"type":"if","locations":[{"start":{"line":105,"column":12},"end":{"line":107,"column":13}},{"start":{},"end":{}}],"line":105},"14":{"loc":{"start":{"line":109,"column":29},"end":{"line":109,"column":47}},"type":"binary-expr","locations":[{"start":{"line":109,"column":29},"end":{"line":109,"column":42}},{"start":{"line":109,"column":46},"end":{"line":109,"column":47}}],"line":109},"15":{"loc":{"start":{"line":110,"column":12},"end":{"line":112,"column":13}},"type":"if","locations":[{"start":{"line":110,"column":12},"end":{"line":112,"column":13}},{"start":{},"end":{}}],"line":110},"16":{"loc":{"start":{"line":120,"column":12},"end":{"line":122,"column":13}},"type":"if","locations":[{"start":{"line":120,"column":12},"end":{"line":122,"column":13}},{"start":{},"end":{}}],"line":120},"17":{"loc":{"start":{"line":125,"column":12},"end":{"line":127,"column":13}},"type":"if","locations":[{"start":{"line":125,"column":12},"end":{"line":127,"column":13}},{"start":{},"end":{}}],"line":125},"18":{"loc":{"start":{"line":129,"column":29},"end":{"line":129,"column":47}},"type":"binary-expr","locations":[{"start":{"line":129,"column":29},"end":{"line":129,"column":42}},{"start":{"line":129,"column":46},"end":{"line":129,"column":47}}],"line":129},"19":{"loc":{"start":{"line":130,"column":12},"end":{"line":132,"column":13}},"type":"if","locations":[{"start":{"line":130,"column":12},"end":{"line":132,"column":13}},{"start":{},"end":{}}],"line":130},"20":{"loc":{"start":{"line":161,"column":8},"end":{"line":161,"column":104}},"type":"if","locations":[{"start":{"line":161,"column":8},"end":{"line":161,"column":104}},{"start":{},"end":{}}],"line":161},"21":{"loc":{"start":{"line":166,"column":8},"end":{"line":166,"column":83}},"type":"if","locations":[{"start":{"line":166,"column":8},"end":{"line":166,"column":83}},{"start":{},"end":{}}],"line":166},"22":{"loc":{"start":{"line":168,"column":8},"end":{"line":175,"column":9}},"type":"if","locations":[{"start":{"line":168,"column":8},"end":{"line":175,"column":9}},{"start":{},"end":{}}],"line":168},"23":{"loc":{"start":{"line":169,"column":12},"end":{"line":170,"column":86}},"type":"if","locations":[{"start":{"line":169,"column":12},"end":{"line":170,"column":86}},{"start":{},"end":{}}],"line":169},"24":{"loc":{"start":{"line":169,"column":16},"end":{"line":169,"column":104}},"type":"binary-expr","locations":[{"start":{"line":169,"column":16},"end":{"line":169,"column":48}},{"start":{"line":169,"column":52},"end":{"line":169,"column":79}},{"start":{"line":169,"column":83},"end":{"line":169,"column":104}}],"line":169},"25":{"loc":{"start":{"line":171,"column":12},"end":{"line":172,"column":86}},"type":"if","locations":[{"start":{"line":171,"column":12},"end":{"line":172,"column":86}},{"start":{},"end":{}}],"line":171},"26":{"loc":{"start":{"line":171,"column":16},"end":{"line":171,"column":71}},"type":"binary-expr","locations":[{"start":{"line":171,"column":16},"end":{"line":171,"column":45}},{"start":{"line":171,"column":49},"end":{"line":171,"column":71}}],"line":171},"27":{"loc":{"start":{"line":177,"column":8},"end":{"line":185,"column":9}},"type":"if","locations":[{"start":{"line":177,"column":8},"end":{"line":185,"column":9}},{"start":{},"end":{}}],"line":177},"28":{"loc":{"start":{"line":178,"column":12},"end":{"line":182,"column":13}},"type":"if","locations":[{"start":{"line":178,"column":12},"end":{"line":182,"column":13}},{"start":{},"end":{}}],"line":178},"29":{"loc":{"start":{"line":178,"column":16},"end":{"line":178,"column":74}},"type":"binary-expr","locations":[{"start":{"line":178,"column":16},"end":{"line":178,"column":41}},{"start":{"line":178,"column":45},"end":{"line":178,"column":74}}],"line":178},"30":{"loc":{"start":{"line":197,"column":8},"end":{"line":197,"column":104}},"type":"if","locations":[{"start":{"line":197,"column":8},"end":{"line":197,"column":104}},{"start":{},"end":{}}],"line":197},"31":{"loc":{"start":{"line":200,"column":8},"end":{"line":200,"column":83}},"type":"if","locations":[{"start":{"line":200,"column":8},"end":{"line":200,"column":83}},{"start":{},"end":{}}],"line":200}},"s":{"0":5,"1":5,"2":5,"3":5,"4":5,"5":5,"6":1,"7":1,"8":1,"9":5,"10":0,"11":0,"12":0,"13":0,"14":0,"15":0,"16":0,"17":0,"18":0,"19":5,"20":0,"21":0,"22":0,"23":0,"24":0,"25":0,"26":0,"27":0,"28":0,"29":0,"30":0,"31":0,"32":0,"33":5,"34":2,"35":2,"36":2,"37":2,"38":1,"39":1,"40":0,"41":1,"42":1,"43":0,"44":1,"45":1,"46":0,"47":1,"48":1,"49":0,"50":1,"51":1,"52":0,"53":1,"54":1,"55":1,"56":1,"57":1,"58":0,"59":1,"60":1,"61":0,"62":1,"63":1,"64":0,"65":1,"66":1,"67":1,"68":1,"69":1,"70":1,"71":0,"72":5,"73":4,"74":4,"75":4,"76":0,"77":4,"78":4,"79":4,"80":0,"81":4,"82":3,"83":0,"84":3,"85":1,"86":2,"87":3,"88":1,"89":1,"90":0,"91":2,"92":2,"93":0,"94":5,"95":1,"96":1,"97":1,"98":0,"99":1,"100":1,"101":0,"102":1,"103":1,"104":0},"f":{"0":1,"1":0,"2":0,"3":2,"4":4,"5":1},"b":{"0":[0,0],"1":[0,0],"2":[0,0],"3":[0,0],"4":[0,0],"5":[0,0,0],"6":[0,0],"7":[0,0],"8":[1,1],"9":[2,2,2,1,1,1],"10":[0,1],"11":[0,1],"12":[0,1],"13":[0,1],"14":[1,0],"15":[0,1],"16":[0,1],"17":[0,1],"18":[1,0],"19":[0,1],"20":[0,4],"21":[0,4],"22":[3,1],"23":[0,3],"24":[3,1,1],"25":[1,2],"26":[3,2],"27":[1,2],"28":[1,0],"29":[1,1],"30":[0,1],"31":[0,1]},"_coverageSchema":"1a1c01bbd47fc00a2c39e90264f33305004495a9","hash":"afda8aeeea6eb13f3ab7cf3b4e80c552c91d336d"}
,"C:\\Users\\kevin\\OneDrive\\Documents\\Formation Développement Web\\interskills\\workshop\\developpement_backend_node_js\\projet_wacdo\\wacdo_backend\\controllers\\products.controller.js": {"path":"C:\\Users\\kevin\\OneDrive\\Documents\\Formation Développement Web\\interskills\\workshop\\developpement_backend_node_js\\projet_wacdo\\wacdo_backend\\controllers\\products.controller.js","statementMap":{"0":{"start":{"line":1,"column":16},"end":{"line":1,"column":50}},"1":{"start":{"line":2,"column":17},"end":{"line":2,"column":36}},"2":{"start":{"line":3,"column":11},"end":{"line":3,"column":24}},"3":{"start":{"line":4,"column":13},"end":{"line":4,"column":28}},"4":{"start":{"line":6,"column":0},"end":{"line":15,"column":2}},"5":{"start":{"line":7,"column":4},"end":{"line":14,"column":5}},"6":{"start":{"line":8,"column":25},"end":{"line":8,"column":69}},"7":{"start":{"line":9,"column":8},"end":{"line":9,"column":39}},"8":{"start":{"line":11,"column":8},"end":{"line":13,"column":11}},"9":{"start":{"line":17,"column":0},"end":{"line":32,"column":2}},"10":{"start":{"line":18,"column":4},"end":{"line":31,"column":5}},"11":{"start":{"line":19,"column":29},"end":{"line":19,"column":39}},"12":{"start":{"line":21,"column":25},"end":{"line":21,"column":81}},"13":{"start":{"line":22,"column":8},"end":{"line":24,"column":9}},"14":{"start":{"line":23,"column":12},"end":{"line":23,"column":118}},"15":{"start":{"line":26,"column":8},"end":{"line":26,"column":39}},"16":{"start":{"line":28,"column":8},"end":{"line":30,"column":11}},"17":{"start":{"line":34,"column":0},"end":{"line":48,"column":2}},"18":{"start":{"line":35,"column":4},"end":{"line":47,"column":5}},"19":{"start":{"line":36,"column":19},"end":{"line":36,"column":32}},"20":{"start":{"line":37,"column":8},"end":{"line":37,"column":104}},"21":{"start":{"line":37,"column":50},"end":{"line":37,"column":104}},"22":{"start":{"line":39,"column":24},"end":{"line":39,"column":50}},"23":{"start":{"line":40,"column":8},"end":{"line":40,"column":84}},"24":{"start":{"line":40,"column":22},"end":{"line":40,"column":84}},"25":{"start":{"line":42,"column":8},"end":{"line":42,"column":38}},"26":{"start":{"line":44,"column":8},"end":{"line":46,"column":11}},"27":{"start":{"line":50,"column":0},"end":{"line":74,"column":2}},"28":{"start":{"line":51,"column":4},"end":{"line":73,"column":5}},"29":{"start":{"line":52,"column":69},"end":{"line":52,"column":77}},"30":{"start":{"line":53,"column":22},"end":{"line":53,"column":62}},"31":{"start":{"line":54,"column":8},"end":{"line":55,"column":101}},"32":{"start":{"line":55,"column":12},"end":{"line":55,"column":101}},"33":{"start":{"line":57,"column":32},"end":{"line":57,"column":63}},"34":{"start":{"line":58,"column":8},"end":{"line":58,"column":93}},"35":{"start":{"line":58,"column":29},"end":{"line":58,"column":93}},"36":{"start":{"line":60,"column":24},"end":{"line":67,"column":10}},"37":{"start":{"line":69,"column":27},"end":{"line":69,"column":47}},"38":{"start":{"line":70,"column":8},"end":{"line":70,"column":41}},"39":{"start":{"line":72,"column":8},"end":{"line":72,"column":81}},"40":{"start":{"line":76,"column":0},"end":{"line":116,"column":2}},"41":{"start":{"line":77,"column":4},"end":{"line":115,"column":5}},"42":{"start":{"line":78,"column":23},"end":{"line":78,"column":33}},"43":{"start":{"line":79,"column":8},"end":{"line":79,"column":104}},"44":{"start":{"line":79,"column":50},"end":{"line":79,"column":104}},"45":{"start":{"line":81,"column":69},"end":{"line":81,"column":77}},"46":{"start":{"line":82,"column":22},"end":{"line":82,"column":62}},"47":{"start":{"line":84,"column":24},"end":{"line":84,"column":50}},"48":{"start":{"line":85,"column":8},"end":{"line":85,"column":84}},"49":{"start":{"line":85,"column":22},"end":{"line":85,"column":84}},"50":{"start":{"line":87,"column":8},"end":{"line":93,"column":9}},"51":{"start":{"line":88,"column":36},"end":{"line":88,"column":67}},"52":{"start":{"line":89,"column":12},"end":{"line":90,"column":80}},"53":{"start":{"line":90,"column":16},"end":{"line":90,"column":80}},"54":{"start":{"line":92,"column":12},"end":{"line":92,"column":32}},"55":{"start":{"line":94,"column":8},"end":{"line":94,"column":73}},"56":{"start":{"line":94,"column":39},"end":{"line":94,"column":73}},"57":{"start":{"line":95,"column":8},"end":{"line":95,"column":64}},"58":{"start":{"line":95,"column":36},"end":{"line":95,"column":64}},"59":{"start":{"line":96,"column":8},"end":{"line":107,"column":9}},"60":{"start":{"line":98,"column":12},"end":{"line":104,"column":13}},"61":{"start":{"line":99,"column":37},"end":{"line":99,"column":86}},"62":{"start":{"line":101,"column":16},"end":{"line":103,"column":17}},"63":{"start":{"line":102,"column":20},"end":{"line":102,"column":48}},"64":{"start":{"line":106,"column":12},"end":{"line":106,"column":34}},"65":{"start":{"line":108,"column":8},"end":{"line":108,"column":76}},"66":{"start":{"line":108,"column":40},"end":{"line":108,"column":76}},"67":{"start":{"line":109,"column":8},"end":{"line":109,"column":55}},"68":{"start":{"line":109,"column":33},"end":{"line":109,"column":55}},"69":{"start":{"line":111,"column":31},"end":{"line":111,"column":51}},"70":{"start":{"line":112,"column":8},"end":{"line":112,"column":45}},"71":{"start":{"line":114,"column":8},"end":{"line":114,"column":85}},"72":{"start":{"line":118,"column":0},"end":{"line":140,"column":2}},"73":{"start":{"line":119,"column":4},"end":{"line":139,"column":5}},"74":{"start":{"line":120,"column":23},"end":{"line":120,"column":33}},"75":{"start":{"line":121,"column":8},"end":{"line":121,"column":104}},"76":{"start":{"line":121,"column":50},"end":{"line":121,"column":104}},"77":{"start":{"line":123,"column":24},"end":{"line":123,"column":50}},"78":{"start":{"line":124,"column":8},"end":{"line":124,"column":84}},"79":{"start":{"line":124,"column":22},"end":{"line":124,"column":84}},"80":{"start":{"line":127,"column":8},"end":{"line":133,"column":9}},"81":{"start":{"line":128,"column":30},"end":{"line":128,"column":79}},"82":{"start":{"line":130,"column":12},"end":{"line":132,"column":13}},"83":{"start":{"line":131,"column":16},"end":{"line":131,"column":41}},"84":{"start":{"line":135,"column":8},"end":{"line":135,"column":34}},"85":{"start":{"line":136,"column":8},"end":{"line":136,"column":74}},"86":{"start":{"line":138,"column":8},"end":{"line":138,"column":84}}},"fnMap":{"0":{"name":"(anonymous_0)","decl":{"start":{"line":6,"column":22},"end":{"line":6,"column":23}},"loc":{"start":{"line":6,"column":42},"end":{"line":15,"column":1}},"line":6},"1":{"name":"(anonymous_1)","decl":{"start":{"line":17,"column":32},"end":{"line":17,"column":33}},"loc":{"start":{"line":17,"column":52},"end":{"line":32,"column":1}},"line":17},"2":{"name":"(anonymous_2)","decl":{"start":{"line":34,"column":21},"end":{"line":34,"column":22}},"loc":{"start":{"line":34,"column":41},"end":{"line":48,"column":1}},"line":34},"3":{"name":"(anonymous_3)","decl":{"start":{"line":50,"column":24},"end":{"line":50,"column":25}},"loc":{"start":{"line":50,"column":44},"end":{"line":74,"column":1}},"line":50},"4":{"name":"(anonymous_4)","decl":{"start":{"line":76,"column":24},"end":{"line":76,"column":25}},"loc":{"start":{"line":76,"column":44},"end":{"line":116,"column":1}},"line":76},"5":{"name":"(anonymous_5)","decl":{"start":{"line":118,"column":24},"end":{"line":118,"column":25}},"loc":{"start":{"line":118,"column":44},"end":{"line":140,"column":1}},"line":118}},"branchMap":{"0":{"loc":{"start":{"line":22,"column":8},"end":{"line":24,"column":9}},"type":"if","locations":[{"start":{"line":22,"column":8},"end":{"line":24,"column":9}},{"start":{},"end":{}}],"line":22},"1":{"loc":{"start":{"line":37,"column":8},"end":{"line":37,"column":104}},"type":"if","locations":[{"start":{"line":37,"column":8},"end":{"line":37,"column":104}},{"start":{},"end":{}}],"line":37},"2":{"loc":{"start":{"line":40,"column":8},"end":{"line":40,"column":84}},"type":"if","locations":[{"start":{"line":40,"column":8},"end":{"line":40,"column":84}},{"start":{},"end":{}}],"line":40},"3":{"loc":{"start":{"line":53,"column":22},"end":{"line":53,"column":62}},"type":"cond-expr","locations":[{"start":{"line":53,"column":33},"end":{"line":53,"column":50}},{"start":{"line":53,"column":53},"end":{"line":53,"column":62}}],"line":53},"4":{"loc":{"start":{"line":54,"column":8},"end":{"line":55,"column":101}},"type":"if","locations":[{"start":{"line":54,"column":8},"end":{"line":55,"column":101}},{"start":{},"end":{}}],"line":54},"5":{"loc":{"start":{"line":54,"column":12},"end":{"line":54,"column":53}},"type":"binary-expr","locations":[{"start":{"line":54,"column":12},"end":{"line":54,"column":17}},{"start":{"line":54,"column":21},"end":{"line":54,"column":30}},{"start":{"line":54,"column":34},"end":{"line":54,"column":53}}],"line":54},"6":{"loc":{"start":{"line":58,"column":8},"end":{"line":58,"column":93}},"type":"if","locations":[{"start":{"line":58,"column":8},"end":{"line":58,"column":93}},{"start":{},"end":{}}],"line":58},"7":{"loc":{"start":{"line":79,"column":8},"end":{"line":79,"column":104}},"type":"if","locations":[{"start":{"line":79,"column":8},"end":{"line":79,"column":104}},{"start":{},"end":{}}],"line":79},"8":{"loc":{"start":{"line":82,"column":22},"end":{"line":82,"column":62}},"type":"cond-expr","locations":[{"start":{"line":82,"column":33},"end":{"line":82,"column":50}},{"start":{"line":82,"column":53},"end":{"line":82,"column":62}}],"line":82},"9":{"loc":{"start":{"line":85,"column":8},"end":{"line":85,"column":84}},"type":"if","locations":[{"start":{"line":85,"column":8},"end":{"line":85,"column":84}},{"start":{},"end":{}}],"line":85},"10":{"loc":{"start":{"line":87,"column":8},"end":{"line":93,"column":9}},"type":"if","locations":[{"start":{"line":87,"column":8},"end":{"line":93,"column":9}},{"start":{},"end":{}}],"line":87},"11":{"loc":{"start":{"line":89,"column":12},"end":{"line":90,"column":80}},"type":"if","locations":[{"start":{"line":89,"column":12},"end":{"line":90,"column":80}},{"start":{},"end":{}}],"line":89},"12":{"loc":{"start":{"line":89,"column":16},"end":{"line":89,"column":75}},"type":"binary-expr","locations":[{"start":{"line":89,"column":16},"end":{"line":89,"column":31}},{"start":{"line":89,"column":35},"end":{"line":89,"column":75}}],"line":89},"13":{"loc":{"start":{"line":94,"column":8},"end":{"line":94,"column":73}},"type":"if","locations":[{"start":{"line":94,"column":8},"end":{"line":94,"column":73}},{"start":{},"end":{}}],"line":94},"14":{"loc":{"start":{"line":95,"column":8},"end":{"line":95,"column":64}},"type":"if","locations":[{"start":{"line":95,"column":8},"end":{"line":95,"column":64}},{"start":{},"end":{}}],"line":95},"15":{"loc":{"start":{"line":96,"column":8},"end":{"line":107,"column":9}},"type":"if","locations":[{"start":{"line":96,"column":8},"end":{"line":107,"column":9}},{"start":{},"end":{}}],"line":96},"16":{"loc":{"start":{"line":98,"column":12},"end":{"line":104,"column":13}},"type":"if","locations":[{"start":{"line":98,"column":12},"end":{"line":104,"column":13}},{"start":{},"end":{}}],"line":98},"17":{"loc":{"start":{"line":101,"column":16},"end":{"line":103,"column":17}},"type":"if","locations":[{"start":{"line":101,"column":16},"end":{"line":103,"column":17}},{"start":{},"end":{}}],"line":101},"18":{"loc":{"start":{"line":108,"column":8},"end":{"line":108,"column":76}},"type":"if","locations":[{"start":{"line":108,"column":8},"end":{"line":108,"column":76}},{"start":{},"end":{}}],"line":108},"19":{"loc":{"start":{"line":109,"column":8},"end":{"line":109,"column":55}},"type":"if","locations":[{"start":{"line":109,"column":8},"end":{"line":109,"column":55}},{"start":{},"end":{}}],"line":109},"20":{"loc":{"start":{"line":121,"column":8},"end":{"line":121,"column":104}},"type":"if","locations":[{"start":{"line":121,"column":8},"end":{"line":121,"column":104}},{"start":{},"end":{}}],"line":121},"21":{"loc":{"start":{"line":124,"column":8},"end":{"line":124,"column":84}},"type":"if","locations":[{"start":{"line":124,"column":8},"end":{"line":124,"column":84}},{"start":{},"end":{}}],"line":124},"22":{"loc":{"start":{"line":127,"column":8},"end":{"line":133,"column":9}},"type":"if","locations":[{"start":{"line":127,"column":8},"end":{"line":133,"column":9}},{"start":{},"end":{}}],"line":127},"23":{"loc":{"start":{"line":130,"column":12},"end":{"line":132,"column":13}},"type":"if","locations":[{"start":{"line":130,"column":12},"end":{"line":132,"column":13}},{"start":{},"end":{}}],"line":130}},"s":{"0":5,"1":5,"2":5,"3":5,"4":5,"5":1,"6":1,"7":1,"8":0,"9":5,"10":2,"11":2,"12":2,"13":2,"14":1,"15":1,"16":0,"17":5,"18":1,"19":1,"20":1,"21":0,"22":1,"23":1,"24":0,"25":1,"26":0,"27":5,"28":2,"29":2,"30":2,"31":2,"32":1,"33":1,"34":1,"35":0,"36":1,"37":1,"38":1,"39":0,"40":5,"41":1,"42":1,"43":1,"44":0,"45":1,"46":1,"47":1,"48":1,"49":0,"50":1,"51":1,"52":1,"53":0,"54":1,"55":1,"56":0,"57":1,"58":0,"59":1,"60":0,"61":0,"62":0,"63":0,"64":0,"65":1,"66":0,"67":1,"68":1,"69":1,"70":1,"71":0,"72":5,"73":1,"74":1,"75":1,"76":0,"77":1,"78":1,"79":0,"80":1,"81":0,"82":0,"83":0,"84":1,"85":1,"86":0},"f":{"0":1,"1":2,"2":1,"3":2,"4":1,"5":1},"b":{"0":[1,1],"1":[0,1],"2":[0,1],"3":[0,2],"4":[1,1],"5":[2,2,1],"6":[0,1],"7":[0,1],"8":[0,1],"9":[0,1],"10":[1,0],"11":[0,1],"12":[1,0],"13":[0,1],"14":[0,1],"15":[0,1],"16":[0,0],"17":[0,0],"18":[0,1],"19":[1,0],"20":[0,1],"21":[0,1],"22":[0,1],"23":[0,0]},"_coverageSchema":"1a1c01bbd47fc00a2c39e90264f33305004495a9","hash":"43b7bc7b5ae7d6f2dc2a8afe3515e7b01450ed68"}
,"C:\\Users\\kevin\\OneDrive\\Documents\\Formation Développement Web\\interskills\\workshop\\developpement_backend_node_js\\projet_wacdo\\wacdo_backend\\controllers\\users.controller.js": {"path":"C:\\Users\\kevin\\OneDrive\\Documents\\Formation Développement Web\\interskills\\workshop\\developpement_backend_node_js\\projet_wacdo\\wacdo_backend\\controllers\\users.controller.js","statementMap":{"0":{"start":{"line":1,"column":13},"end":{"line":1,"column":44}},"1":{"start":{"line":2,"column":17},"end":{"line":2,"column":36}},"2":{"start":{"line":3,"column":15},"end":{"line":3,"column":34}},"3":{"start":{"line":4,"column":12},"end":{"line":4,"column":35}},"4":{"start":{"line":5,"column":26},"end":{"line":5,"column":55}},"5":{"start":{"line":6,"column":29},"end":{"line":6,"column":57}},"6":{"start":{"line":8,"column":0},"end":{"line":35,"column":2}},"7":{"start":{"line":9,"column":19},"end":{"line":9,"column":40}},"8":{"start":{"line":10,"column":4},"end":{"line":12,"column":5}},"9":{"start":{"line":11,"column":8},"end":{"line":11,"column":88}},"10":{"start":{"line":14,"column":4},"end":{"line":34,"column":5}},"11":{"start":{"line":15,"column":36},"end":{"line":15,"column":44}},"12":{"start":{"line":16,"column":8},"end":{"line":16,"column":109}},"13":{"start":{"line":16,"column":33},"end":{"line":16,"column":109}},"14":{"start":{"line":18,"column":29},"end":{"line":18,"column":58}},"15":{"start":{"line":19,"column":8},"end":{"line":19,"column":94}},"16":{"start":{"line":19,"column":27},"end":{"line":19,"column":94}},"17":{"start":{"line":21,"column":34},"end":{"line":21,"column":87}},"18":{"start":{"line":22,"column":8},"end":{"line":22,"column":99}},"19":{"start":{"line":22,"column":32},"end":{"line":22,"column":99}},"20":{"start":{"line":24,"column":22},"end":{"line":30,"column":9}},"21":{"start":{"line":31,"column":8},"end":{"line":31,"column":40}},"22":{"start":{"line":33,"column":8},"end":{"line":33,"column":71}},"23":{"start":{"line":37,"column":0},"end":{"line":70,"column":2}},"24":{"start":{"line":38,"column":19},"end":{"line":38,"column":40}},"25":{"start":{"line":39,"column":4},"end":{"line":41,"column":5}},"26":{"start":{"line":40,"column":8},"end":{"line":40,"column":88}},"27":{"start":{"line":42,"column":4},"end":{"line":69,"column":5}},"28":{"start":{"line":43,"column":48},"end":{"line":43,"column":56}},"29":{"start":{"line":44,"column":8},"end":{"line":44,"column":109}},"30":{"start":{"line":44,"column":33},"end":{"line":44,"column":109}},"31":{"start":{"line":46,"column":23},"end":{"line":46,"column":46}},"32":{"start":{"line":47,"column":8},"end":{"line":47,"column":60}},"33":{"start":{"line":48,"column":8},"end":{"line":51,"column":15}},"34":{"start":{"line":49,"column":12},"end":{"line":51,"column":15}},"35":{"start":{"line":53,"column":29},"end":{"line":53,"column":58}},"36":{"start":{"line":54,"column":8},"end":{"line":54,"column":89}},"37":{"start":{"line":54,"column":26},"end":{"line":54,"column":89}},"38":{"start":{"line":56,"column":31},"end":{"line":56,"column":62}},"39":{"start":{"line":58,"column":21},"end":{"line":63,"column":10}},"40":{"start":{"line":65,"column":24},"end":{"line":65,"column":41}},"41":{"start":{"line":66,"column":8},"end":{"line":66,"column":38}},"42":{"start":{"line":68,"column":8},"end":{"line":68,"column":87}},"43":{"start":{"line":72,"column":0},"end":{"line":81,"column":2}},"44":{"start":{"line":73,"column":4},"end":{"line":80,"column":5}},"45":{"start":{"line":74,"column":22},"end":{"line":74,"column":63}},"46":{"start":{"line":75,"column":8},"end":{"line":75,"column":36}},"47":{"start":{"line":77,"column":8},"end":{"line":79,"column":11}},"48":{"start":{"line":83,"column":0},"end":{"line":97,"column":2}},"49":{"start":{"line":84,"column":4},"end":{"line":96,"column":5}},"50":{"start":{"line":85,"column":19},"end":{"line":85,"column":32}},"51":{"start":{"line":86,"column":8},"end":{"line":86,"column":104}},"52":{"start":{"line":86,"column":50},"end":{"line":86,"column":104}},"53":{"start":{"line":88,"column":21},"end":{"line":88,"column":44}},"54":{"start":{"line":89,"column":8},"end":{"line":89,"column":85}},"55":{"start":{"line":89,"column":19},"end":{"line":89,"column":85}},"56":{"start":{"line":91,"column":8},"end":{"line":91,"column":35}},"57":{"start":{"line":93,"column":8},"end":{"line":95,"column":11}},"58":{"start":{"line":99,"column":0},"end":{"line":140,"column":2}},"59":{"start":{"line":100,"column":19},"end":{"line":100,"column":40}},"60":{"start":{"line":101,"column":4},"end":{"line":103,"column":5}},"61":{"start":{"line":102,"column":8},"end":{"line":102,"column":88}},"62":{"start":{"line":104,"column":4},"end":{"line":139,"column":5}},"63":{"start":{"line":105,"column":23},"end":{"line":105,"column":33}},"64":{"start":{"line":106,"column":8},"end":{"line":106,"column":104}},"65":{"start":{"line":106,"column":50},"end":{"line":106,"column":104}},"66":{"start":{"line":108,"column":48},"end":{"line":108,"column":56}},"67":{"start":{"line":110,"column":21},"end":{"line":110,"column":44}},"68":{"start":{"line":111,"column":8},"end":{"line":111,"column":85}},"69":{"start":{"line":111,"column":19},"end":{"line":111,"column":85}},"70":{"start":{"line":113,"column":8},"end":{"line":113,"column":35}},"71":{"start":{"line":113,"column":18},"end":{"line":113,"column":35}},"72":{"start":{"line":114,"column":8},"end":{"line":121,"column":9}},"73":{"start":{"line":115,"column":33},"end":{"line":115,"column":62}},"74":{"start":{"line":117,"column":12},"end":{"line":118,"column":79}},"75":{"start":{"line":118,"column":16},"end":{"line":118,"column":79}},"76":{"start":{"line":120,"column":12},"end":{"line":120,"column":31}},"77":{"start":{"line":122,"column":8},"end":{"line":132,"column":9}},"78":{"start":{"line":123,"column":27},"end":{"line":123,"column":50}},"79":{"start":{"line":124,"column":12},"end":{"line":124,"column":64}},"80":{"start":{"line":125,"column":12},"end":{"line":128,"column":19}},"81":{"start":{"line":126,"column":16},"end":{"line":128,"column":19}},"82":{"start":{"line":130,"column":35},"end":{"line":130,"column":66}},"83":{"start":{"line":131,"column":12},"end":{"line":131,"column":43}},"84":{"start":{"line":133,"column":8},"end":{"line":133,"column":35}},"85":{"start":{"line":133,"column":18},"end":{"line":133,"column":35}},"86":{"start":{"line":135,"column":28},"end":{"line":135,"column":45}},"87":{"start":{"line":136,"column":8},"end":{"line":136,"column":30}},"88":{"start":{"line":138,"column":8},"end":{"line":138,"column":91}},"89":{"start":{"line":142,"column":0},"end":{"line":155,"column":2}},"90":{"start":{"line":143,"column":4},"end":{"line":154,"column":5}},"91":{"start":{"line":144,"column":23},"end":{"line":144,"column":33}},"92":{"start":{"line":145,"column":8},"end":{"line":145,"column":104}},"93":{"start":{"line":145,"column":50},"end":{"line":145,"column":104}},"94":{"start":{"line":147,"column":21},"end":{"line":147,"column":44}},"95":{"start":{"line":148,"column":8},"end":{"line":148,"column":85}},"96":{"start":{"line":148,"column":19},"end":{"line":148,"column":85}},"97":{"start":{"line":150,"column":8},"end":{"line":150,"column":31}},"98":{"start":{"line":151,"column":8},"end":{"line":151,"column":78}},"99":{"start":{"line":153,"column":8},"end":{"line":153,"column":90}}},"fnMap":{"0":{"name":"(anonymous_0)","decl":{"start":{"line":8,"column":16},"end":{"line":8,"column":17}},"loc":{"start":{"line":8,"column":36},"end":{"line":35,"column":1}},"line":8},"1":{"name":"(anonymous_1)","decl":{"start":{"line":37,"column":21},"end":{"line":37,"column":22}},"loc":{"start":{"line":37,"column":41},"end":{"line":70,"column":1}},"line":37},"2":{"name":"(anonymous_2)","decl":{"start":{"line":72,"column":19},"end":{"line":72,"column":20}},"loc":{"start":{"line":72,"column":39},"end":{"line":81,"column":1}},"line":72},"3":{"name":"(anonymous_3)","decl":{"start":{"line":83,"column":18},"end":{"line":83,"column":19}},"loc":{"start":{"line":83,"column":38},"end":{"line":97,"column":1}},"line":83},"4":{"name":"(anonymous_4)","decl":{"start":{"line":99,"column":21},"end":{"line":99,"column":22}},"loc":{"start":{"line":99,"column":41},"end":{"line":140,"column":1}},"line":99},"5":{"name":"(anonymous_5)","decl":{"start":{"line":142,"column":21},"end":{"line":142,"column":22}},"loc":{"start":{"line":142,"column":41},"end":{"line":155,"column":1}},"line":142}},"branchMap":{"0":{"loc":{"start":{"line":10,"column":4},"end":{"line":12,"column":5}},"type":"if","locations":[{"start":{"line":10,"column":4},"end":{"line":12,"column":5}},{"start":{},"end":{}}],"line":10},"1":{"loc":{"start":{"line":16,"column":8},"end":{"line":16,"column":109}},"type":"if","locations":[{"start":{"line":16,"column":8},"end":{"line":16,"column":109}},{"start":{},"end":{}}],"line":16},"2":{"loc":{"start":{"line":16,"column":12},"end":{"line":16,"column":31}},"type":"binary-expr","locations":[{"start":{"line":16,"column":12},"end":{"line":16,"column":18}},{"start":{"line":16,"column":22},"end":{"line":16,"column":31}}],"line":16},"3":{"loc":{"start":{"line":19,"column":8},"end":{"line":19,"column":94}},"type":"if","locations":[{"start":{"line":19,"column":8},"end":{"line":19,"column":94}},{"start":{},"end":{}}],"line":19},"4":{"loc":{"start":{"line":22,"column":8},"end":{"line":22,"column":99}},"type":"if","locations":[{"start":{"line":22,"column":8},"end":{"line":22,"column":99}},{"start":{},"end":{}}],"line":22},"5":{"loc":{"start":{"line":39,"column":4},"end":{"line":41,"column":5}},"type":"if","locations":[{"start":{"line":39,"column":4},"end":{"line":41,"column":5}},{"start":{},"end":{}}],"line":39},"6":{"loc":{"start":{"line":44,"column":8},"end":{"line":44,"column":109}},"type":"if","locations":[{"start":{"line":44,"column":8},"end":{"line":44,"column":109}},{"start":{},"end":{}}],"line":44},"7":{"loc":{"start":{"line":44,"column":12},"end":{"line":44,"column":31}},"type":"binary-expr","locations":[{"start":{"line":44,"column":12},"end":{"line":44,"column":18}},{"start":{"line":44,"column":22},"end":{"line":44,"column":31}}],"line":44},"8":{"loc":{"start":{"line":48,"column":8},"end":{"line":51,"column":15}},"type":"if","locations":[{"start":{"line":48,"column":8},"end":{"line":51,"column":15}},{"start":{},"end":{}}],"line":48},"9":{"loc":{"start":{"line":54,"column":8},"end":{"line":54,"column":89}},"type":"if","locations":[{"start":{"line":54,"column":8},"end":{"line":54,"column":89}},{"start":{},"end":{}}],"line":54},"10":{"loc":{"start":{"line":86,"column":8},"end":{"line":86,"column":104}},"type":"if","locations":[{"start":{"line":86,"column":8},"end":{"line":86,"column":104}},{"start":{},"end":{}}],"line":86},"11":{"loc":{"start":{"line":89,"column":8},"end":{"line":89,"column":85}},"type":"if","locations":[{"start":{"line":89,"column":8},"end":{"line":89,"column":85}},{"start":{},"end":{}}],"line":89},"12":{"loc":{"start":{"line":101,"column":4},"end":{"line":103,"column":5}},"type":"if","locations":[{"start":{"line":101,"column":4},"end":{"line":103,"column":5}},{"start":{},"end":{}}],"line":101},"13":{"loc":{"start":{"line":106,"column":8},"end":{"line":106,"column":104}},"type":"if","locations":[{"start":{"line":106,"column":8},"end":{"line":106,"column":104}},{"start":{},"end":{}}],"line":106},"14":{"loc":{"start":{"line":111,"column":8},"end":{"line":111,"column":85}},"type":"if","locations":[{"start":{"line":111,"column":8},"end":{"line":111,"column":85}},{"start":{},"end":{}}],"line":111},"15":{"loc":{"start":{"line":113,"column":8},"end":{"line":113,"column":35}},"type":"if","locations":[{"start":{"line":113,"column":8},"end":{"line":113,"column":35}},{"start":{},"end":{}}],"line":113},"16":{"loc":{"start":{"line":114,"column":8},"end":{"line":121,"column":9}},"type":"if","locations":[{"start":{"line":114,"column":8},"end":{"line":121,"column":9}},{"start":{},"end":{}}],"line":114},"17":{"loc":{"start":{"line":117,"column":12},"end":{"line":118,"column":79}},"type":"if","locations":[{"start":{"line":117,"column":12},"end":{"line":118,"column":79}},{"start":{},"end":{}}],"line":117},"18":{"loc":{"start":{"line":117,"column":16},"end":{"line":117,"column":60}},"type":"binary-expr","locations":[{"start":{"line":117,"column":16},"end":{"line":117,"column":28}},{"start":{"line":117,"column":32},"end":{"line":117,"column":60}}],"line":117},"19":{"loc":{"start":{"line":122,"column":8},"end":{"line":132,"column":9}},"type":"if","locations":[{"start":{"line":122,"column":8},"end":{"line":132,"column":9}},{"start":{},"end":{}}],"line":122},"20":{"loc":{"start":{"line":125,"column":12},"end":{"line":128,"column":19}},"type":"if","locations":[{"start":{"line":125,"column":12},"end":{"line":128,"column":19}},{"start":{},"end":{}}],"line":125},"21":{"loc":{"start":{"line":133,"column":8},"end":{"line":133,"column":35}},"type":"if","locations":[{"start":{"line":133,"column":8},"end":{"line":133,"column":35}},{"start":{},"end":{}}],"line":133},"22":{"loc":{"start":{"line":145,"column":8},"end":{"line":145,"column":104}},"type":"if","locations":[{"start":{"line":145,"column":8},"end":{"line":145,"column":104}},{"start":{},"end":{}}],"line":145},"23":{"loc":{"start":{"line":148,"column":8},"end":{"line":148,"column":85}},"type":"if","locations":[{"start":{"line":148,"column":8},"end":{"line":148,"column":85}},{"start":{},"end":{}}],"line":148}},"s":{"0":5,"1":5,"2":5,"3":5,"4":5,"5":5,"6":5,"7":5,"8":5,"9":1,"10":4,"11":4,"12":4,"13":1,"14":3,"15":3,"16":1,"17":2,"18":2,"19":1,"20":1,"21":1,"22":0,"23":5,"24":3,"25":3,"26":0,"27":3,"28":3,"29":3,"30":0,"31":3,"32":3,"33":3,"34":1,"35":2,"36":2,"37":1,"38":1,"39":1,"40":1,"41":1,"42":0,"43":5,"44":1,"45":1,"46":1,"47":0,"48":5,"49":1,"50":1,"51":1,"52":0,"53":1,"54":1,"55":0,"56":1,"57":0,"58":5,"59":1,"60":1,"61":0,"62":1,"63":1,"64":1,"65":0,"66":1,"67":1,"68":1,"69":0,"70":1,"71":1,"72":1,"73":0,"74":0,"75":0,"76":0,"77":1,"78":0,"79":0,"80":0,"81":0,"82":0,"83":0,"84":1,"85":1,"86":1,"87":1,"88":0,"89":5,"90":1,"91":1,"92":1,"93":0,"94":1,"95":1,"96":0,"97":1,"98":1,"99":0},"f":{"0":5,"1":3,"2":1,"3":1,"4":1,"5":1},"b":{"0":[1,4],"1":[1,3],"2":[4,4],"3":[1,2],"4":[1,1],"5":[0,3],"6":[0,3],"7":[3,3],"8":[1,2],"9":[1,1],"10":[0,1],"11":[0,1],"12":[0,1],"13":[0,1],"14":[0,1],"15":[1,0],"16":[0,1],"17":[0,0],"18":[0,0],"19":[0,1],"20":[0,0],"21":[1,0],"22":[0,1],"23":[0,1]},"_coverageSchema":"1a1c01bbd47fc00a2c39e90264f33305004495a9","hash":"029f948ad94fa129c9258eb608f79e89966045fe"}
,"C:\\Users\\kevin\\OneDrive\\Documents\\Formation Développement Web\\interskills\\workshop\\developpement_backend_node_js\\projet_wacdo\\wacdo_backend\\middleware\\auth.js": {"path":"C:\\Users\\kevin\\OneDrive\\Documents\\Formation Développement Web\\interskills\\workshop\\developpement_backend_node_js\\projet_wacdo\\wacdo_backend\\middleware\\auth.js","statementMap":{"0":{"start":{"line":1,"column":12},"end":{"line":1,"column":35}},"1":{"start":{"line":3,"column":13},"end":{"line":17,"column":1}},"2":{"start":{"line":4,"column":4},"end":{"line":16,"column":5}},"3":{"start":{"line":5,"column":27},"end":{"line":5,"column":52}},"4":{"start":{"line":6,"column":8},"end":{"line":7,"column":80}},"5":{"start":{"line":7,"column":12},"end":{"line":7,"column":80}},"6":{"start":{"line":9,"column":22},"end":{"line":9,"column":46}},"7":{"start":{"line":11,"column":28},"end":{"line":11,"column":69}},"8":{"start":{"line":12,"column":8},"end":{"line":12,"column":31}},"9":{"start":{"line":13,"column":8},"end":{"line":13,"column":15}},"10":{"start":{"line":15,"column":8},"end":{"line":15,"column":76}},"11":{"start":{"line":19,"column":0},"end":{"line":19,"column":22}}},"fnMap":{"0":{"name":"(anonymous_0)","decl":{"start":{"line":3,"column":13},"end":{"line":3,"column":14}},"loc":{"start":{"line":3,"column":33},"end":{"line":17,"column":1}},"line":3}},"branchMap":{"0":{"loc":{"start":{"line":6,"column":8},"end":{"line":7,"column":80}},"type":"if","locations":[{"start":{"line":6,"column":8},"end":{"line":7,"column":80}},{"start":{},"end":{}}],"line":6},"1":{"loc":{"start":{"line":6,"column":12},"end":{"line":6,"column":60}},"type":"binary-expr","locations":[{"start":{"line":6,"column":12},"end":{"line":6,"column":23}},{"start":{"line":6,"column":27},"end":{"line":6,"column":60}}],"line":6}},"s":{"0":5,"1":5,"2":37,"3":37,"4":37,"5":4,"6":33,"7":33,"8":33,"9":33,"10":0,"11":5},"f":{"0":37},"b":{"0":[4,33],"1":[37,33]},"_coverageSchema":"1a1c01bbd47fc00a2c39e90264f33305004495a9","hash":"b9058ff71b9ef5f412c5a4523ec5305f7af6a1ff"}
,"C:\\Users\\kevin\\OneDrive\\Documents\\Formation Développement Web\\interskills\\workshop\\developpement_backend_node_js\\projet_wacdo\\wacdo_backend\\middleware\\multer.js": {"path":"C:\\Users\\kevin\\OneDrive\\Documents\\Formation Développement Web\\interskills\\workshop\\developpement_backend_node_js\\projet_wacdo\\wacdo_backend\\middleware\\multer.js","statementMap":{"0":{"start":{"line":1,"column":15},"end":{"line":1,"column":32}},"1":{"start":{"line":2,"column":13},"end":{"line":2,"column":28}},"2":{"start":{"line":4,"column":16},"end":{"line":11,"column":2}},"3":{"start":{"line":5,"column":42},"end":{"line":5,"column":68}},"4":{"start":{"line":8,"column":23},"end":{"line":8,"column":76}},"5":{"start":{"line":9,"column":8},"end":{"line":9,"column":65}},"6":{"start":{"line":13,"column":19},"end":{"line":19,"column":1}},"7":{"start":{"line":14,"column":25},"end":{"line":14,"column":48}},"8":{"start":{"line":15,"column":29},"end":{"line":15,"column":93}},"9":{"start":{"line":16,"column":28},"end":{"line":16,"column":60}},"10":{"start":{"line":17,"column":4},"end":{"line":18,"column":66}},"11":{"start":{"line":17,"column":45},"end":{"line":17,"column":66}},"12":{"start":{"line":18,"column":9},"end":{"line":18,"column":66}},"13":{"start":{"line":21,"column":15},"end":{"line":26,"column":2}},"14":{"start":{"line":28,"column":0},"end":{"line":28,"column":24}}},"fnMap":{"0":{"name":"(anonymous_0)","decl":{"start":{"line":5,"column":17},"end":{"line":5,"column":18}},"loc":{"start":{"line":5,"column":42},"end":{"line":5,"column":68}},"line":5},"1":{"name":"(anonymous_1)","decl":{"start":{"line":6,"column":14},"end":{"line":6,"column":15}},"loc":{"start":{"line":6,"column":39},"end":{"line":10,"column":5}},"line":6},"2":{"name":"(anonymous_2)","decl":{"start":{"line":13,"column":19},"end":{"line":13,"column":20}},"loc":{"start":{"line":13,"column":44},"end":{"line":19,"column":1}},"line":13}},"branchMap":{"0":{"loc":{"start":{"line":17,"column":4},"end":{"line":18,"column":66}},"type":"if","locations":[{"start":{"line":17,"column":4},"end":{"line":18,"column":66}},{"start":{"line":18,"column":9},"end":{"line":18,"column":66}}],"line":17},"1":{"loc":{"start":{"line":17,"column":8},"end":{"line":17,"column":43}},"type":"binary-expr","locations":[{"start":{"line":17,"column":8},"end":{"line":17,"column":24}},{"start":{"line":17,"column":28},"end":{"line":17,"column":43}}],"line":17}},"s":{"0":5,"1":5,"2":5,"3":0,"4":0,"5":0,"6":5,"7":0,"8":0,"9":0,"10":0,"11":0,"12":0,"13":5,"14":5},"f":{"0":0,"1":0,"2":0},"b":{"0":[0,0],"1":[0,0]},"_coverageSchema":"1a1c01bbd47fc00a2c39e90264f33305004495a9","hash":"a891ab9a7ed5b968975c2270dd3a5d1221eb277c"}
,"C:\\Users\\kevin\\OneDrive\\Documents\\Formation Développement Web\\interskills\\workshop\\developpement_backend_node_js\\projet_wacdo\\wacdo_backend\\middleware\\role.js": {"path":"C:\\Users\\kevin\\OneDrive\\Documents\\Formation Développement Web\\interskills\\workshop\\developpement_backend_node_js\\projet_wacdo\\wacdo_backend\\middleware\\role.js","statementMap":{"0":{"start":{"line":1,"column":23},"end":{"line":9,"column":1}},"1":{"start":{"line":2,"column":4},"end":{"line":8,"column":6}},"2":{"start":{"line":3,"column":8},"end":{"line":5,"column":9}},"3":{"start":{"line":4,"column":12},"end":{"line":4,"column":69}},"4":{"start":{"line":7,"column":8},"end":{"line":7,"column":15}},"5":{"start":{"line":11,"column":0},"end":{"line":11,"column":32}}},"fnMap":{"0":{"name":"(anonymous_0)","decl":{"start":{"line":1,"column":23},"end":{"line":1,"column":24}},"loc":{"start":{"line":1,"column":37},"end":{"line":9,"column":1}},"line":1},"1":{"name":"(anonymous_1)","decl":{"start":{"line":2,"column":11},"end":{"line":2,"column":12}},"loc":{"start":{"line":2,"column":31},"end":{"line":8,"column":5}},"line":2}},"branchMap":{"0":{"loc":{"start":{"line":3,"column":8},"end":{"line":5,"column":9}},"type":"if","locations":[{"start":{"line":3,"column":8},"end":{"line":5,"column":9}},{"start":{},"end":{}}],"line":3}},"s":{"0":5,"1":90,"2":29,"3":4,"4":25,"5":5},"f":{"0":90,"1":29},"b":{"0":[4,25]},"_coverageSchema":"1a1c01bbd47fc00a2c39e90264f33305004495a9","hash":"92c7b8cd6fb579dc160b34e052918bce40239b76"}
,"C:\\Users\\kevin\\OneDrive\\Documents\\Formation Développement Web\\interskills\\workshop\\developpement_backend_node_js\\projet_wacdo\\wacdo_backend\\models\\menu.model.js": {"path":"C:\\Users\\kevin\\OneDrive\\Documents\\Formation Développement Web\\interskills\\workshop\\developpement_backend_node_js\\projet_wacdo\\wacdo_backend\\models\\menu.model.js","statementMap":{"0":{"start":{"line":1,"column":17},"end":{"line":1,"column":36}},"1":{"start":{"line":3,"column":19},"end":{"line":19,"column":1}},"2":{"start":{"line":21,"column":0},"end":{"line":21,"column":52}}},"fnMap":{},"branchMap":{},"s":{"0":5,"1":5,"2":5},"f":{},"b":{},"_coverageSchema":"1a1c01bbd47fc00a2c39e90264f33305004495a9","hash":"91c7c9777fd11b35897f88b9d1aa8527592bbf28"}
,"C:\\Users\\kevin\\OneDrive\\Documents\\Formation Développement Web\\interskills\\workshop\\developpement_backend_node_js\\projet_wacdo\\wacdo_backend\\models\\order.model.js": {"path":"C:\\Users\\kevin\\OneDrive\\Documents\\Formation Développement Web\\interskills\\workshop\\developpement_backend_node_js\\projet_wacdo\\wacdo_backend\\models\\order.model.js","statementMap":{"0":{"start":{"line":1,"column":17},"end":{"line":1,"column":36}},"1":{"start":{"line":3,"column":20},"end":{"line":77,"column":1}},"2":{"start":{"line":79,"column":0},"end":{"line":79,"column":54}}},"fnMap":{},"branchMap":{},"s":{"0":5,"1":5,"2":5},"f":{},"b":{},"_coverageSchema":"1a1c01bbd47fc00a2c39e90264f33305004495a9","hash":"4500dac8a32bea19b3b31929e2c1327514d17d16"}
,"C:\\Users\\kevin\\OneDrive\\Documents\\Formation Développement Web\\interskills\\workshop\\developpement_backend_node_js\\projet_wacdo\\wacdo_backend\\models\\product.model.js": {"path":"C:\\Users\\kevin\\OneDrive\\Documents\\Formation Développement Web\\interskills\\workshop\\developpement_backend_node_js\\projet_wacdo\\wacdo_backend\\models\\product.model.js","statementMap":{"0":{"start":{"line":1,"column":17},"end":{"line":1,"column":36}},"1":{"start":{"line":3,"column":22},"end":{"line":17,"column":1}},"2":{"start":{"line":19,"column":0},"end":{"line":19,"column":58}}},"fnMap":{},"branchMap":{},"s":{"0":5,"1":5,"2":5},"f":{},"b":{},"_coverageSchema":"1a1c01bbd47fc00a2c39e90264f33305004495a9","hash":"42c0c05b004577bc6ac5522562d4604da7fa6f1d"}
,"C:\\Users\\kevin\\OneDrive\\Documents\\Formation Développement Web\\interskills\\workshop\\developpement_backend_node_js\\projet_wacdo\\wacdo_backend\\models\\user.model.js": {"path":"C:\\Users\\kevin\\OneDrive\\Documents\\Formation Développement Web\\interskills\\workshop\\developpement_backend_node_js\\projet_wacdo\\wacdo_backend\\models\\user.model.js","statementMap":{"0":{"start":{"line":1,"column":17},"end":{"line":1,"column":36}},"1":{"start":{"line":3,"column":19},"end":{"line":15,"column":1}},"2":{"start":{"line":18,"column":0},"end":{"line":22,"column":2}},"3":{"start":{"line":19,"column":17},"end":{"line":19,"column":32}},"4":{"start":{"line":20,"column":4},"end":{"line":20,"column":25}},"5":{"start":{"line":21,"column":4},"end":{"line":21,"column":16}},"6":{"start":{"line":24,"column":0},"end":{"line":24,"column":52}}},"fnMap":{"0":{"name":"(anonymous_0)","decl":{"start":{"line":18,"column":28},"end":{"line":18,"column":29}},"loc":{"start":{"line":18,"column":40},"end":{"line":22,"column":1}},"line":18}},"branchMap":{},"s":{"0":5,"1":5,"2":5,"3":5,"4":5,"5":5,"6":5},"f":{"0":5},"b":{},"_coverageSchema":"1a1c01bbd47fc00a2c39e90264f33305004495a9","hash":"d388f384452e804e68b26515e0ed9f73b9052568"}
,"C:\\Users\\kevin\\OneDrive\\Documents\\Formation Développement Web\\interskills\\workshop\\developpement_backend_node_js\\projet_wacdo\\wacdo_backend\\routes\\menus.routes.js": {"path":"C:\\Users\\kevin\\OneDrive\\Documents\\Formation Développement Web\\interskills\\workshop\\developpement_backend_node_js\\projet_wacdo\\wacdo_backend\\routes\\menus.routes.js","statementMap":{"0":{"start":{"line":1,"column":16},"end":{"line":1,"column":34}},"1":{"start":{"line":2,"column":13},"end":{"line":2,"column":42}},"2":{"start":{"line":3,"column":23},"end":{"line":3,"column":52}},"3":{"start":{"line":4,"column":15},"end":{"line":4,"column":46}},"4":{"start":{"line":5,"column":66},"end":{"line":5,"column":108}},"5":{"start":{"line":6,"column":15},"end":{"line":6,"column":31}},"6":{"start":{"line":94,"column":0},"end":{"line":94,"column":70}},"7":{"start":{"line":130,"column":0},"end":{"line":130,"column":72}},"8":{"start":{"line":163,"column":0},"end":{"line":163,"column":84}},"9":{"start":{"line":200,"column":0},"end":{"line":200,"column":86}},"10":{"start":{"line":231,"column":0},"end":{"line":231,"column":65}},"11":{"start":{"line":233,"column":0},"end":{"line":233,"column":24}}},"fnMap":{},"branchMap":{},"s":{"0":5,"1":5,"2":5,"3":5,"4":5,"5":5,"6":5,"7":5,"8":5,"9":5,"10":5,"11":5},"f":{},"b":{},"_coverageSchema":"1a1c01bbd47fc00a2c39e90264f33305004495a9","hash":"40b09ae9cc9d8c4311621eaae3ac5847caa623f5"}
,"C:\\Users\\kevin\\OneDrive\\Documents\\Formation Développement Web\\interskills\\workshop\\developpement_backend_node_js\\projet_wacdo\\wacdo_backend\\routes\\orders.routes.js": {"path":"C:\\Users\\kevin\\OneDrive\\Documents\\Formation Développement Web\\interskills\\workshop\\developpement_backend_node_js\\projet_wacdo\\wacdo_backend\\routes\\orders.routes.js","statementMap":{"0":{"start":{"line":1,"column":16},"end":{"line":1,"column":34}},"1":{"start":{"line":2,"column":13},"end":{"line":2,"column":42}},"2":{"start":{"line":3,"column":23},"end":{"line":3,"column":52}},"3":{"start":{"line":4,"column":71},"end":{"line":4,"column":114}},"4":{"start":{"line":5,"column":15},"end":{"line":5,"column":31}},"5":{"start":{"line":140,"column":0},"end":{"line":140,"column":33}},"6":{"start":{"line":176,"column":0},"end":{"line":176,"column":35}},"7":{"start":{"line":209,"column":0},"end":{"line":209,"column":74}},"8":{"start":{"line":251,"column":0},"end":{"line":251,"column":38}},"9":{"start":{"line":283,"column":0},"end":{"line":283,"column":66}},"10":{"start":{"line":285,"column":0},"end":{"line":285,"column":24}}},"fnMap":{},"branchMap":{},"s":{"0":5,"1":5,"2":5,"3":5,"4":5,"5":5,"6":5,"7":5,"8":5,"9":5,"10":5},"f":{},"b":{},"_coverageSchema":"1a1c01bbd47fc00a2c39e90264f33305004495a9","hash":"5075e36b1ca486f6da134c9fcb135f5843713564"}
,"C:\\Users\\kevin\\OneDrive\\Documents\\Formation Développement Web\\interskills\\workshop\\developpement_backend_node_js\\projet_wacdo\\wacdo_backend\\routes\\products.routes.js": {"path":"C:\\Users\\kevin\\OneDrive\\Documents\\Formation Développement Web\\interskills\\workshop\\developpement_backend_node_js\\projet_wacdo\\wacdo_backend\\routes\\products.routes.js","statementMap":{"0":{"start":{"line":1,"column":16},"end":{"line":1,"column":34}},"1":{"start":{"line":2,"column":13},"end":{"line":2,"column":42}},"2":{"start":{"line":3,"column":23},"end":{"line":3,"column":52}},"3":{"start":{"line":4,"column":15},"end":{"line":4,"column":46}},"4":{"start":{"line":12,"column":4},"end":{"line":12,"column":49}},"5":{"start":{"line":13,"column":15},"end":{"line":13,"column":31}},"6":{"start":{"line":99,"column":0},"end":{"line":99,"column":73}},"7":{"start":{"line":137,"column":0},"end":{"line":137,"column":101}},"8":{"start":{"line":173,"column":0},"end":{"line":173,"column":75}},"9":{"start":{"line":206,"column":0},"end":{"line":206,"column":87}},"10":{"start":{"line":248,"column":0},"end":{"line":248,"column":89}},"11":{"start":{"line":280,"column":0},"end":{"line":280,"column":68}},"12":{"start":{"line":282,"column":0},"end":{"line":282,"column":24}}},"fnMap":{},"branchMap":{},"s":{"0":5,"1":5,"2":5,"3":5,"4":5,"5":5,"6":5,"7":5,"8":5,"9":5,"10":5,"11":5,"12":5},"f":{},"b":{},"_coverageSchema":"1a1c01bbd47fc00a2c39e90264f33305004495a9","hash":"1dcd6df3a3b39cecf3c0b4d686d1d9b2b336da79"}
,"C:\\Users\\kevin\\OneDrive\\Documents\\Formation Développement Web\\interskills\\workshop\\developpement_backend_node_js\\projet_wacdo\\wacdo_backend\\routes\\users.routes.js": {"path":"C:\\Users\\kevin\\OneDrive\\Documents\\Formation Développement Web\\interskills\\workshop\\developpement_backend_node_js\\projet_wacdo\\wacdo_backend\\routes\\users.routes.js","statementMap":{"0":{"start":{"line":1,"column":16},"end":{"line":1,"column":34}},"1":{"start":{"line":2,"column":13},"end":{"line":2,"column":42}},"2":{"start":{"line":3,"column":23},"end":{"line":3,"column":52}},"3":{"start":{"line":4,"column":17},"end":{"line":4,"column":45}},"4":{"start":{"line":5,"column":73},"end":{"line":5,"column":115}},"5":{"start":{"line":6,"column":15},"end":{"line":6,"column":31}},"6":{"start":{"line":120,"column":0},"end":{"line":120,"column":54}},"7":{"start":{"line":149,"column":0},"end":{"line":149,"column":85}},"8":{"start":{"line":176,"column":0},"end":{"line":176,"column":57}},"9":{"start":{"line":211,"column":0},"end":{"line":211,"column":59}},"10":{"start":{"line":249,"column":0},"end":{"line":249,"column":98}},"11":{"start":{"line":281,"column":0},"end":{"line":281,"column":65}},"12":{"start":{"line":283,"column":0},"end":{"line":283,"column":24}}},"fnMap":{},"branchMap":{},"s":{"0":5,"1":5,"2":5,"3":5,"4":5,"5":5,"6":5,"7":5,"8":5,"9":5,"10":5,"11":5,"12":5},"f":{},"b":{},"_coverageSchema":"1a1c01bbd47fc00a2c39e90264f33305004495a9","hash":"8786a27c67c8f81d2996df96da8a185b6000b69b"}
}
