TN:
SF:app.js
FN:33,(anonymous_0)
FNF:1
FNH:0
FNDA:0,(anonymous_0)
DA:1,5
DA:2,5
DA:3,5
DA:4,5
DA:5,5
DA:6,5
DA:7,5
DA:9,5
DA:11,5
DA:12,5
DA:13,5
DA:14,0
DA:17,5
DA:22,5
DA:23,5
DA:29,5
DA:31,5
DA:33,5
DA:34,0
DA:40,5
DA:41,5
DA:42,5
DA:43,5
DA:45,5
DA:47,5
LF:25
LH:23
BRDA:11,0,0,5
BRDA:11,0,1,5
BRDA:13,1,0,0
BRDA:13,1,1,5
BRF:4
BRH:3
end_of_record
TN:
SF:swagger.js
FN:20,(anonymous_0)
FN:21,(anonymous_1)
FN:25,(anonymous_2)
FNF:3
FNH:1
FNDA:5,(anonymous_0)
FNDA:0,(anonymous_1)
FNDA:0,(anonymous_2)
DA:1,5
DA:2,5
DA:4,5
DA:18,5
DA:20,5
DA:21,5
DA:22,0
DA:25,5
DA:26,0
DA:57,5
LF:10
LH:8
BRF:0
BRH:0
end_of_record
TN:
SF:config\db.js
FN:6,(anonymous_0)
FNF:1
FNH:0
FNDA:0,(anonymous_0)
DA:1,5
DA:2,5
DA:4,5
DA:6,5
DA:7,0
DA:8,0
DA:11,0
DA:13,0
DA:14,0
DA:18,5
LF:10
LH:5
BRF:0
BRH:0
end_of_record
TN:
SF:controllers\menus.controller.js
FN:7,(anonymous_0)
FN:18,(anonymous_1)
FN:34,(anonymous_2)
FN:67,(anonymous_3)
FN:124,(anonymous_4)
FNF:5
FNH:5
FNDA:1,(anonymous_0)
FNDA:1,(anonymous_1)
FNDA:3,(anonymous_2)
FNDA:1,(anonymous_3)
FNDA:1,(anonymous_4)
DA:1,5
DA:2,5
DA:3,5
DA:4,5
DA:5,5
DA:7,5
DA:8,1
DA:9,1
DA:10,1
DA:12,0
DA:18,5
DA:19,1
DA:20,1
DA:21,1
DA:23,1
DA:24,1
DA:26,1
DA:28,0
DA:34,5
DA:35,3
DA:36,3
DA:37,3
DA:38,3
DA:39,1
DA:41,2
DA:42,2
DA:44,2
DA:45,2
DA:47,2
DA:48,2
DA:51,1
DA:60,1
DA:61,1
DA:63,0
DA:67,5
DA:68,1
DA:69,1
DA:70,1
DA:72,1
DA:73,1
DA:75,1
DA:76,1
DA:78,1
DA:79,1
DA:80,1
DA:81,0
DA:83,1
DA:85,1
DA:86,1
DA:87,0
DA:88,0
DA:92,0
DA:93,0
DA:95,0
DA:96,0
DA:99,0
DA:102,1
DA:104,0
DA:105,0
DA:107,0
DA:108,0
DA:112,0
DA:114,1
DA:115,1
DA:117,1
DA:118,1
DA:120,0
DA:124,5
DA:125,1
DA:126,1
DA:127,1
DA:129,1
DA:130,1
DA:133,1
DA:134,0
DA:136,0
DA:137,0
DA:141,1
DA:142,1
DA:144,0
LF:80
LH:59
BRDA:21,0,0,0
BRDA:21,0,1,1
BRDA:24,1,0,0
BRDA:24,1,1,1
BRDA:37,2,0,0
BRDA:37,2,1,3
BRDA:38,3,0,1
BRDA:38,3,1,2
BRDA:38,4,0,3
BRDA:38,4,1,3
BRDA:38,4,2,2
BRDA:38,4,3,2
BRDA:42,5,0,0
BRDA:42,5,1,2
BRDA:45,6,0,0
BRDA:45,6,1,2
BRDA:48,7,0,1
BRDA:48,7,1,1
BRDA:70,8,0,0
BRDA:70,8,1,1
BRDA:73,9,0,0
BRDA:73,9,1,1
BRDA:76,10,0,0
BRDA:76,10,1,1
BRDA:78,11,0,1
BRDA:78,11,1,0
BRDA:80,12,0,0
BRDA:80,12,1,1
BRDA:80,13,0,1
BRDA:80,13,1,0
BRDA:85,14,0,0
BRDA:85,14,1,1
BRDA:86,15,0,0
BRDA:86,15,1,1
BRDA:87,16,0,0
BRDA:87,16,1,0
BRDA:87,17,0,0
BRDA:87,17,1,0
BRDA:93,18,0,0
BRDA:93,18,1,0
BRDA:96,19,0,0
BRDA:96,19,1,0
BRDA:102,20,0,0
BRDA:102,20,1,1
BRDA:104,21,0,0
BRDA:104,21,1,0
BRDA:107,22,0,0
BRDA:107,22,1,0
BRDA:114,23,0,0
BRDA:114,23,1,1
BRDA:115,24,0,1
BRDA:115,24,1,0
BRDA:127,25,0,0
BRDA:127,25,1,1
BRDA:130,26,0,0
BRDA:130,26,1,1
BRDA:133,27,0,0
BRDA:133,27,1,1
BRDA:136,28,0,0
BRDA:136,28,1,0
BRF:60
BRH:27
end_of_record
TN:
SF:controllers\orders.controller.js
FN:7,(anonymous_0)
FN:14,(anonymous_1)
FN:42,(anonymous_2)
FN:72,(anonymous_3)
FN:158,(anonymous_4)
FN:194,(anonymous_5)
FNF:6
FNH:4
FNDA:1,(anonymous_0)
FNDA:0,(anonymous_1)
FNDA:0,(anonymous_2)
FNDA:2,(anonymous_3)
FNDA:4,(anonymous_4)
FNDA:1,(anonymous_5)
DA:1,5
DA:2,5
DA:3,5
DA:4,5
DA:5,5
DA:7,5
DA:8,1
DA:9,1
DA:11,1
DA:14,5
DA:15,0
DA:17,0
DA:18,0
DA:22,0
DA:23,0
DA:27,0
DA:28,0
DA:34,0
DA:36,0
DA:42,5
DA:43,0
DA:44,0
DA:45,0
DA:47,0
DA:52,0
DA:54,0
DA:59,0
DA:61,0
DA:62,0
DA:64,0
DA:66,0
DA:72,5
DA:73,2
DA:75,2
DA:76,2
DA:78,2
DA:85,1
DA:90,1
DA:91,0
DA:94,1
DA:95,1
DA:96,0
DA:99,1
DA:100,1
DA:101,0
DA:104,1
DA:105,1
DA:106,0
DA:109,1
DA:110,1
DA:111,0
DA:114,1
DA:115,1
DA:116,1
DA:119,1
DA:120,1
DA:121,0
DA:124,1
DA:125,1
DA:126,0
DA:129,1
DA:130,1
DA:131,0
DA:134,1
DA:135,1
DA:136,1
DA:139,1
DA:148,1
DA:150,1
DA:152,0
DA:158,5
DA:159,4
DA:160,4
DA:161,4
DA:163,4
DA:165,4
DA:166,4
DA:168,4
DA:169,3
DA:170,0
DA:171,3
DA:172,1
DA:174,2
DA:177,3
DA:178,1
DA:179,1
DA:184,0
DA:187,2
DA:188,2
DA:190,0
DA:194,5
DA:195,1
DA:196,1
DA:197,1
DA:199,1
DA:200,1
DA:202,1
DA:203,1
DA:205,0
LF:99
LH:66
BRDA:17,0,0,0
BRDA:17,0,1,0
BRDA:22,1,0,0
BRDA:22,1,1,0
BRDA:45,2,0,0
BRDA:45,2,1,0
BRDA:52,3,0,0
BRDA:52,3,1,0
BRDA:54,4,0,0
BRDA:54,4,1,0
BRDA:55,5,0,0
BRDA:55,5,1,0
BRDA:55,5,2,0
BRDA:61,6,0,0
BRDA:61,6,1,0
BRDA:61,7,0,0
BRDA:61,7,1,0
BRDA:78,8,0,1
BRDA:78,8,1,1
BRDA:79,9,0,2
BRDA:79,9,1,2
BRDA:79,9,2,2
BRDA:79,9,3,1
BRDA:79,9,4,1
BRDA:79,9,5,1
BRDA:90,10,0,0
BRDA:90,10,1,1
BRDA:95,11,0,0
BRDA:95,11,1,1
BRDA:100,12,0,0
BRDA:100,12,1,1
BRDA:105,13,0,0
BRDA:105,13,1,1
BRDA:109,14,0,1
BRDA:109,14,1,0
BRDA:110,15,0,0
BRDA:110,15,1,1
BRDA:120,16,0,0
BRDA:120,16,1,1
BRDA:125,17,0,0
BRDA:125,17,1,1
BRDA:129,18,0,1
BRDA:129,18,1,0
BRDA:130,19,0,0
BRDA:130,19,1,1
BRDA:161,20,0,0
BRDA:161,20,1,4
BRDA:166,21,0,0
BRDA:166,21,1,4
BRDA:168,22,0,3
BRDA:168,22,1,1
BRDA:169,23,0,0
BRDA:169,23,1,3
BRDA:169,24,0,3
BRDA:169,24,1,1
BRDA:169,24,2,1
BRDA:171,25,0,1
BRDA:171,25,1,2
BRDA:171,26,0,3
BRDA:171,26,1,2
BRDA:177,27,0,1
BRDA:177,27,1,2
BRDA:178,28,0,1
BRDA:178,28,1,0
BRDA:178,29,0,1
BRDA:178,29,1,1
BRDA:197,30,0,0
BRDA:197,30,1,1
BRDA:200,31,0,0
BRDA:200,31,1,1
BRF:70
BRH:37
end_of_record
TN:
SF:controllers\products.controller.js
FN:6,(anonymous_0)
FN:17,(anonymous_1)
FN:34,(anonymous_2)
FN:50,(anonymous_3)
FN:76,(anonymous_4)
FN:118,(anonymous_5)
FNF:6
FNH:6
FNDA:1,(anonymous_0)
FNDA:2,(anonymous_1)
FNDA:1,(anonymous_2)
FNDA:2,(anonymous_3)
FNDA:1,(anonymous_4)
FNDA:1,(anonymous_5)
DA:1,5
DA:2,5
DA:3,5
DA:4,5
DA:6,5
DA:7,1
DA:8,1
DA:9,1
DA:11,0
DA:17,5
DA:18,2
DA:19,2
DA:21,2
DA:22,2
DA:23,1
DA:26,1
DA:28,0
DA:34,5
DA:35,1
DA:36,1
DA:37,1
DA:39,1
DA:40,1
DA:42,1
DA:44,0
DA:50,5
DA:51,2
DA:52,2
DA:53,2
DA:54,2
DA:55,1
DA:57,1
DA:58,1
DA:60,1
DA:69,1
DA:70,1
DA:72,0
DA:76,5
DA:77,1
DA:78,1
DA:79,1
DA:81,1
DA:82,1
DA:84,1
DA:85,1
DA:87,1
DA:88,1
DA:89,1
DA:90,0
DA:92,1
DA:94,1
DA:95,1
DA:96,1
DA:98,0
DA:99,0
DA:101,0
DA:102,0
DA:106,0
DA:108,1
DA:109,1
DA:111,1
DA:112,1
DA:114,0
DA:118,5
DA:119,1
DA:120,1
DA:121,1
DA:123,1
DA:124,1
DA:127,1
DA:128,0
DA:130,0
DA:131,0
DA:135,1
DA:136,1
DA:138,0
LF:76
LH:61
BRDA:22,0,0,1
BRDA:22,0,1,1
BRDA:37,1,0,0
BRDA:37,1,1,1
BRDA:40,2,0,0
BRDA:40,2,1,1
BRDA:53,3,0,0
BRDA:53,3,1,2
BRDA:54,4,0,1
BRDA:54,4,1,1
BRDA:54,5,0,2
BRDA:54,5,1,2
BRDA:54,5,2,1
BRDA:58,6,0,0
BRDA:58,6,1,1
BRDA:79,7,0,0
BRDA:79,7,1,1
BRDA:82,8,0,0
BRDA:82,8,1,1
BRDA:85,9,0,0
BRDA:85,9,1,1
BRDA:87,10,0,1
BRDA:87,10,1,0
BRDA:89,11,0,0
BRDA:89,11,1,1
BRDA:89,12,0,1
BRDA:89,12,1,0
BRDA:94,13,0,0
BRDA:94,13,1,1
BRDA:95,14,0,0
BRDA:95,14,1,1
BRDA:96,15,0,0
BRDA:96,15,1,1
BRDA:98,16,0,0
BRDA:98,16,1,0
BRDA:101,17,0,0
BRDA:101,17,1,0
BRDA:108,18,0,0
BRDA:108,18,1,1
BRDA:109,19,0,1
BRDA:109,19,1,0
BRDA:121,20,0,0
BRDA:121,20,1,1
BRDA:124,21,0,0
BRDA:124,21,1,1
BRDA:127,22,0,0
BRDA:127,22,1,1
BRDA:130,23,0,0
BRDA:130,23,1,0
BRF:49
BRH:25
end_of_record
TN:
SF:controllers\users.controller.js
FN:8,(anonymous_0)
FN:37,(anonymous_1)
FN:72,(anonymous_2)
FN:83,(anonymous_3)
FN:99,(anonymous_4)
FN:142,(anonymous_5)
FNF:6
FNH:6
FNDA:5,(anonymous_0)
FNDA:3,(anonymous_1)
FNDA:1,(anonymous_2)
FNDA:1,(anonymous_3)
FNDA:1,(anonymous_4)
FNDA:1,(anonymous_5)
DA:1,5
DA:2,5
DA:3,5
DA:4,5
DA:5,5
DA:6,5
DA:8,5
DA:9,5
DA:10,5
DA:11,1
DA:14,4
DA:15,4
DA:16,4
DA:18,3
DA:19,3
DA:21,2
DA:22,2
DA:24,1
DA:31,1
DA:33,0
DA:37,5
DA:38,3
DA:39,3
DA:40,0
DA:42,3
DA:43,3
DA:44,3
DA:46,3
DA:47,3
DA:48,3
DA:49,1
DA:53,2
DA:54,2
DA:56,1
DA:58,1
DA:65,1
DA:66,1
DA:68,0
DA:72,5
DA:73,1
DA:74,1
DA:75,1
DA:77,0
DA:83,5
DA:84,1
DA:85,1
DA:86,1
DA:88,1
DA:89,1
DA:91,1
DA:93,0
DA:99,5
DA:100,1
DA:101,1
DA:102,0
DA:104,1
DA:105,1
DA:106,1
DA:108,1
DA:110,1
DA:111,1
DA:113,1
DA:114,1
DA:115,0
DA:117,0
DA:118,0
DA:120,0
DA:122,1
DA:123,0
DA:124,0
DA:125,0
DA:126,0
DA:130,0
DA:131,0
DA:133,1
DA:135,1
DA:136,1
DA:138,0
DA:142,5
DA:143,1
DA:144,1
DA:145,1
DA:147,1
DA:148,1
DA:150,1
DA:151,1
DA:153,0
LF:87
LH:69
BRDA:10,0,0,1
BRDA:10,0,1,4
BRDA:16,1,0,1
BRDA:16,1,1,3
BRDA:16,2,0,4
BRDA:16,2,1,4
BRDA:19,3,0,1
BRDA:19,3,1,2
BRDA:22,4,0,1
BRDA:22,4,1,1
BRDA:39,5,0,0
BRDA:39,5,1,3
BRDA:44,6,0,0
BRDA:44,6,1,3
BRDA:44,7,0,3
BRDA:44,7,1,3
BRDA:48,8,0,1
BRDA:48,8,1,2
BRDA:54,9,0,1
BRDA:54,9,1,1
BRDA:86,10,0,0
BRDA:86,10,1,1
BRDA:89,11,0,0
BRDA:89,11,1,1
BRDA:101,12,0,0
BRDA:101,12,1,1
BRDA:106,13,0,0
BRDA:106,13,1,1
BRDA:111,14,0,0
BRDA:111,14,1,1
BRDA:113,15,0,1
BRDA:113,15,1,0
BRDA:114,16,0,0
BRDA:114,16,1,1
BRDA:117,17,0,0
BRDA:117,17,1,0
BRDA:117,18,0,0
BRDA:117,18,1,0
BRDA:122,19,0,0
BRDA:122,19,1,1
BRDA:125,20,0,0
BRDA:125,20,1,0
BRDA:133,21,0,1
BRDA:133,21,1,0
BRDA:145,22,0,0
BRDA:145,22,1,1
BRDA:148,23,0,0
BRDA:148,23,1,1
BRF:48
BRH:29
end_of_record
TN:
SF:middleware\auth.js
FN:3,(anonymous_0)
FNF:1
FNH:1
FNDA:37,(anonymous_0)
DA:1,5
DA:3,5
DA:4,37
DA:5,37
DA:6,37
DA:7,4
DA:9,33
DA:11,33
DA:12,33
DA:13,33
DA:15,0
DA:19,5
LF:12
LH:11
BRDA:6,0,0,4
BRDA:6,0,1,33
BRDA:6,1,0,37
BRDA:6,1,1,33
BRF:4
BRH:4
end_of_record
TN:
SF:middleware\multer.js
FN:5,(anonymous_0)
FN:6,(anonymous_1)
FN:13,(anonymous_2)
FNF:3
FNH:0
FNDA:0,(anonymous_0)
FNDA:0,(anonymous_1)
FNDA:0,(anonymous_2)
DA:1,5
DA:2,5
DA:4,5
DA:5,0
DA:8,0
DA:9,0
DA:13,5
DA:14,0
DA:15,0
DA:16,0
DA:17,0
DA:18,0
DA:21,5
DA:28,5
LF:14
LH:6
BRDA:17,0,0,0
BRDA:17,0,1,0
BRDA:17,1,0,0
BRDA:17,1,1,0
BRF:4
BRH:0
end_of_record
TN:
SF:middleware\role.js
FN:1,(anonymous_0)
FN:2,(anonymous_1)
FNF:2
FNH:2
FNDA:90,(anonymous_0)
FNDA:29,(anonymous_1)
DA:1,5
DA:2,90
DA:3,29
DA:4,4
DA:7,25
DA:11,5
LF:6
LH:6
BRDA:3,0,0,4
BRDA:3,0,1,25
BRF:2
BRH:2
end_of_record
TN:
SF:models\menu.model.js
FNF:0
FNH:0
DA:1,5
DA:3,5
DA:21,5
LF:3
LH:3
BRF:0
BRH:0
end_of_record
TN:
SF:models\order.model.js
FNF:0
FNH:0
DA:1,5
DA:3,5
DA:79,5
LF:3
LH:3
BRF:0
BRH:0
end_of_record
TN:
SF:models\product.model.js
FNF:0
FNH:0
DA:1,5
DA:3,5
DA:19,5
LF:3
LH:3
BRF:0
BRH:0
end_of_record
TN:
SF:models\user.model.js
FN:18,(anonymous_0)
FNF:1
FNH:1
FNDA:5,(anonymous_0)
DA:1,5
DA:3,5
DA:18,5
DA:19,5
DA:20,5
DA:21,5
DA:24,5
LF:7
LH:7
BRF:0
BRH:0
end_of_record
TN:
SF:routes\menus.routes.js
FNF:0
FNH:0
DA:1,5
DA:2,5
DA:3,5
DA:4,5
DA:5,5
DA:6,5
DA:94,5
DA:130,5
DA:163,5
DA:200,5
DA:231,5
DA:233,5
LF:12
LH:12
BRF:0
BRH:0
end_of_record
TN:
SF:routes\orders.routes.js
FNF:0
FNH:0
DA:1,5
DA:2,5
DA:3,5
DA:4,5
DA:5,5
DA:140,5
DA:176,5
DA:209,5
DA:251,5
DA:283,5
DA:285,5
LF:11
LH:11
BRF:0
BRH:0
end_of_record
TN:
SF:routes\products.routes.js
FNF:0
FNH:0
DA:1,5
DA:2,5
DA:3,5
DA:4,5
DA:12,5
DA:13,5
DA:99,5
DA:137,5
DA:173,5
DA:206,5
DA:248,5
DA:280,5
DA:282,5
LF:13
LH:13
BRF:0
BRH:0
end_of_record
TN:
SF:routes\users.routes.js
FNF:0
FNH:0
DA:1,5
DA:2,5
DA:3,5
DA:4,5
DA:5,5
DA:6,5
DA:120,5
DA:149,5
DA:176,5
DA:211,5
DA:249,5
DA:281,5
DA:283,5
LF:13
LH:13
BRF:0
BRH:0
end_of_record
